2532:APP_OPEN:startTime=1731677077332
6287:GENERAL_SHOW_PERSPECTIVE:perspective=org.jkiss.dbeaver.core.perspective
6288:GENERAL_VIEW_OPEN:view=org.jkiss.dbeaver.core.databaseNavigator
6288:GENERAL_VIEW_OPEN:view=org.jkiss.dbeaver.core.projectExplorer
6976:Open connection:driver=postgresql:postgres-jdbc
7178:SQL_EDITOR_OPEN:driver=postgresql:postgres-jdbc
213072732:SQL_EDITOR_EXECUTE_QUERY
213072744:Open connection:driver=postgresql:postgres-jdbc
213077394:SQL_EDITOR_EXECUTE_QUERY
213152945:SQL_EDITOR_EXECUTE_QUERY
213257167:SQL_SCRIPT_NEW
213257900:SQL_EDITOR_OPEN:driver=postgresql:postgres-jdbc
213276862:SQL_EDITOR_OPEN:driver=postgresql:postgres-jdbc
213293464:SQL_EDITOR_OPEN:driver=postgresql:postgres-jdbc
213328244:SQL_EDITOR_EXECUTE_QUERY
213345321:SQL_EDITOR_EXECUTE_QUERY
213352739:SQL_EDITOR_EXECUTE_QUERY
213388233:SQL_EDITOR_EXECUTE_QUERY
213417402:SQL_EDITOR_EXECUTE_QUERY
213481928:SQL_EDITOR_EXECUTE_QUERY
213490962:SQL_EDITOR_EXECUTE_QUERY
213497774:SQL_EDITOR_EXECUTE_QUERY
213578621:SQL_EDITOR_EXECUTE_QUERY
213598229:SQL_EDITOR_EXECUTE_QUERY
213625325:SQL_EDITOR_EXECUTE_QUERY
213642874:SQL_EDITOR_EXECUTE_QUERY
213692602:SQL_EDITOR_EXECUTE_QUERY
213740875:SQL_EDITOR_EXECUTE_QUERY
213782694:SQL_EDITOR_EXECUTE_QUERY
213792927:SQL_EDITOR_EXECUTE_QUERY
213855814:SQL_EDITOR_EXECUTE_QUERY
