1723:APP_OPEN:startTime=1731545601987
4372:GENERAL_SHOW_PERSPECTIVE:perspective=org.jkiss.dbeaver.core.perspective
4372:GENERAL_VIEW_OPEN:view=org.jkiss.dbeaver.core.databaseNavigator
4372:GENERAL_VIEW_OPEN:view=org.jkiss.dbeaver.core.projectExplorer
4805:Open connection:driver=postgresql:postgres-jdbc
4909:SQL_EDITOR_OPEN:driver=postgresql:postgres-jdbc
87463445:Open connection:driver=postgresql:postgres-jdbc
87676324:SQL_EDITOR_EXECUTE_QUERY
88952173:SQL_EDITOR_EXECUTE_QUERY
88960481:SQL_EDITOR_EXECUTE_QUERY
88969230:SQL_EDITOR_EXECUTE_QUERY
89138385:SQL_EDITOR_EXECUTE_QUERY
89175252:SQL_EDITOR_EXECUTE_QUERY
89188030:SQL_EDITOR_EXECUTE_QUERY
89283335:SQL_EDITOR_EXECUTE_QUERY
89289055:SQL_EDITOR_EXECUTE_QUERY
89305175:SQL_EDITOR_EXECUTE_QUERY
89318321:SQL_EDITOR_EXECUTE_QUERY
89336274:SQL_EDITOR_EXECUTE_QUERY
89349743:SQL_EDITOR_EXECUTE_QUERY
89351230:SQL_EDITOR_EXECUTE_QUERY
89382342:SQL_EDITOR_EXECUTE_QUERY
89407053:SQL_EDITOR_EXECUTE_QUERY
89465639:SQL_EDITOR_EXECUTE_QUERY
89532507:SQL_EDITOR_EXECUTE_QUERY
89571268:SQL_EDITOR_EXECUTE_QUERY
89578760:SQL_EDITOR_EXECUTE_QUERY
89585067:SQL_EDITOR_EXECUTE_QUERY
89603444:SQL_EDITOR_EXECUTE_QUERY
89647605:SQL_EDITOR_EXECUTE_QUERY
89663328:SQL_EDITOR_EXECUTE_QUERY
89708253:SQL_EDITOR_EXECUTE_QUERY
89725159:SQL_EDITOR_EXECUTE_QUERY
89731875:SQL_EDITOR_EXECUTE_QUERY
89885672:SQL_EDITOR_EXECUTE_QUERY
89905704:SQL_EDITOR_EXECUTE_QUERY
89911308:SQL_EDITOR_EXECUTE_QUERY
89923922:SQL_EDITOR_EXECUTE_QUERY
89930020:SQL_EDITOR_EXECUTE_QUERY
89949637:SQL_EDITOR_EXECUTE_QUERY
89985414:SQL_EDITOR_EXECUTE_QUERY
90026944:SQL_EDITOR_EXECUTE_QUERY
90030961:SQL_EDITOR_EXECUTE_QUERY
90062273:SQL_EDITOR_EXECUTE_QUERY
90106914:SQL_EDITOR_EXECUTE_QUERY
90134352:SQL_EDITOR_EXECUTE_QUERY
90232168:SQL_EDITOR_EXECUTE_QUERY
90244468:SQL_EDITOR_EXECUTE_QUERY
90279790:SQL_EDITOR_EXECUTE_QUERY
90292122:SQL_EDITOR_EXECUTE_QUERY
90304184:SQL_EDITOR_EXECUTE_QUERY
90335607:SQL_EDITOR_EXECUTE_QUERY
90388201:SQL_EDITOR_EXECUTE_QUERY
90398480:SQL_EDITOR_EXECUTE_QUERY
90434130:SQL_EDITOR_EXECUTE_QUERY
90474609:SQL_EDITOR_EXECUTE_QUERY
