3630:APP_OPEN:startTime=1732407273705
9131:GENERAL_SHOW_PERSPECTIVE:perspective=org.jkiss.dbeaver.core.perspective
9132:GENERAL_VIEW_OPEN:view=org.jkiss.dbeaver.core.databaseNavigator
9132:GENERAL_VIEW_OPEN:view=org.jkiss.dbeaver.core.projectExplorer
10383:Open connection:driver=postgresql:postgres-jdbc
10635:SQL_EDITOR_OPEN:driver=postgresql:postgres-jdbc
506738:SQL_EDITOR_OPEN:driver=postgresql:postgres-jdbc
517131:SQL_EDITOR_OPEN:driver=postgresql:postgres-jdbc
697183:SQL_EDITOR_EXECUTE_QUERY
722631:SQL_EDITOR_EXECUTE_QUERY
746682:SQL_EDITOR_EXECUTE_QUERY
751712:SQL_EDITOR_EXECUTE_QUERY
776384:SQL_EDITOR_EXECUTE_QUERY
792469:SQL_EDITOR_EXECUTE_QUERY
889328:SQL_EDITOR_EXECUTE_QUERY
902500:SQL_EDITOR_EXECUTE_QUERY
1158760:SQL_EDITOR_EXECUTE_QUERY
1208915:SQL_EDITOR_EXECUTE_QUERY
1460241:SQL_EDITOR_EXECUTE_QUERY
1472722:SQL_EDITOR_EXECUTE_QUERY
1894754:SQL_EDITOR_OPEN:driver=
1904089:SQL_EDITOR_OPEN:driver=
1911861:SQL_EDITOR_OPEN:driver=
1953008:SQL_EDITOR_EXECUTE_QUERY
1979574:SQL_EDITOR_EXECUTE_QUERY
1991203:SQL_EDITOR_EXECUTE_QUERY
2047039:SQL_EDITOR_EXECUTE_QUERY
2072725:SQL_EDITOR_EXECUTE_QUERY
2180023:SQL_EDITOR_EXECUTE_QUERY
2209472:SQL_EDITOR_EXECUTE_QUERY
2227486:SQL_EDITOR_EXECUTE_QUERY
2253112:SQL_EDITOR_EXECUTE_QUERY
2261723:SQL_EDITOR_EXECUTE_QUERY
2337998:SQL_EDITOR_EXECUTE_QUERY
2390210:SQL_EDITOR_EXECUTE_QUERY
2408501:SQL_EDITOR_EXECUTE_QUERY
2427144:SQL_EDITOR_EXECUTE_QUERY
2531633:SQL_EDITOR_EXECUTE_QUERY
2557726:SQL_EDITOR_EXECUTE_QUERY
2593021:SQL_EDITOR_EXECUTE_QUERY
2619939:SQL_EDITOR_EXECUTE_QUERY
2648188:SQL_EDITOR_EXECUTE_QUERY
2658637:SQL_EDITOR_EXECUTE_QUERY
2679419:SQL_EDITOR_EXECUTE_QUERY
2706459:SQL_EDITOR_EXECUTE_QUERY
2767871:SQL_EDITOR_EXECUTE_QUERY
2786951:SQL_EDITOR_EXECUTE_QUERY
2795617:SQL_EDITOR_EXECUTE_QUERY
2829378:SQL_EDITOR_EXECUTE_QUERY
2858975:SQL_EDITOR_EXECUTE_QUERY
2865507:SQL_EDITOR_EXECUTE_QUERY
2887972:SQL_EDITOR_EXECUTE_QUERY
2894916:SQL_EDITOR_EXECUTE_QUERY
2928696:SQL_EDITOR_EXECUTE_QUERY
2944701:SQL_EDITOR_EXECUTE_QUERY
2951422:SQL_EDITOR_EXECUTE_QUERY
2953560:SQL_EDITOR_EXECUTE_QUERY
2979120:SQL_EDITOR_EXECUTE_QUERY
2999349:SQL_EDITOR_EXECUTE_QUERY
3041849:SQL_EDITOR_EXECUTE_QUERY
3117724:SQL_EDITOR_EXECUTE_QUERY
3273818:SQL_EDITOR_EXECUTE_QUERY
3325320:SQL_EDITOR_EXECUTE_QUERY
3362283:SQL_EDITOR_EXECUTE_QUERY
3404064:SQL_EDITOR_EXECUTE_QUERY
3430047:SQL_EDITOR_EXECUTE_QUERY
87188451:SQL_EDITOR_EXECUTE_QUERY
87188452:Open connection:driver=postgresql:postgres-jdbc
87190982:SQL_EDITOR_EXECUTE_QUERY
87210375:SQL_EDITOR_EXECUTE_QUERY
87414717:SQL_EDITOR_EXECUTE_QUERY
87464091:SQL_EDITOR_EXECUTE_QUERY
87554667:SQL_EDITOR_EXECUTE_QUERY
87583796:SQL_EDITOR_EXECUTE_QUERY
87657041:SQL_EDITOR_EXECUTE_QUERY
87680699:SQL_EDITOR_EXECUTE_QUERY
87693146:SQL_EDITOR_EXECUTE_QUERY
87703961:SQL_EDITOR_EXECUTE_QUERY
87713945:SQL_EDITOR_EXECUTE_QUERY
87735969:SQL_EDITOR_EXECUTE_QUERY
87761540:SQL_EDITOR_EXECUTE_QUERY
87769765:SQL_EDITOR_EXECUTE_QUERY
87779823:SQL_EDITOR_EXECUTE_QUERY
87898466:SQL_EDITOR_EXECUTE_QUERY
87935496:SQL_EDITOR_EXECUTE_QUERY
87981185:SQL_EDITOR_EXECUTE_QUERY
87984453:SQL_EDITOR_EXECUTE_QUERY
88052280:SQL_EDITOR_EXECUTE_QUERY
88059171:SQL_EDITOR_EXECUTE_QUERY
88086736:SQL_EDITOR_EXECUTE_QUERY
88088940:SQL_EDITOR_EXECUTE_QUERY
88327852:SQL_EDITOR_EXECUTE_QUERY
88349041:SQL_EDITOR_EXECUTE_QUERY
88385462:SQL_EDITOR_EXECUTE_QUERY
88390541:SQL_EDITOR_EXECUTE_QUERY
88447940:SQL_EDITOR_EXECUTE_QUERY
88452519:SQL_EDITOR_EXECUTE_QUERY
88486586:SQL_EDITOR_EXECUTE_QUERY
88489920:SQL_EDITOR_EXECUTE_QUERY
88518874:SQL_EDITOR_EXECUTE_QUERY
88522510:SQL_EDITOR_EXECUTE_QUERY
88554707:SQL_EDITOR_EXECUTE_QUERY
88561234:SQL_EDITOR_EXECUTE_QUERY
88798486:SQL_EDITOR_EXECUTE_QUERY
88893713:SQL_EDITOR_EXECUTE_QUERY
88952189:SQL_EDITOR_EXECUTE_QUERY
88957255:SQL_EDITOR_EXECUTE_QUERY
89005321:SQL_EDITOR_EXECUTE_QUERY
89050308:SQL_EDITOR_EXECUTE_QUERY
89060551:SQL_EDITOR_EXECUTE_QUERY
89079010:SQL_EDITOR_EXECUTE_QUERY
89082504:SQL_EDITOR_EXECUTE_QUERY
89127008:SQL_EDITOR_EXECUTE_QUERY
89131706:SQL_EDITOR_EXECUTE_QUERY
