2024-11-13 21:27:54.733 - DBeaver 24.2.2.202410061621 is starting
2024-11-13 21:27:54.734 - OS: Linux 6.9.3-76060903-generic (amd64)
2024-11-13 21:27:54.734 - Java version: 17.0.6 by Eclipse Adoptium (64bit)
2024-11-13 21:27:54.735 - Install path: '/usr/share/dbeaver-ce'
2024-11-13 21:27:54.735 - Instance path: 'file:/home/ricardo/code/data_postgres/'
2024-11-13 21:27:54.736 - Memory available 64Mb/1024Mb
2024-11-13 21:27:54.743 - Create display
2024-11-13 21:27:54.861 - Starting instance server at http://localhost:43589
2024-11-13 21:27:54.867 - Run workbench
> Start Eclipse e4 Workbench SWT [org.eclipse.e4.ui.workbench.swt 0.17.500.v20240807-0911]
> Start Eclipse Application Services [org.eclipse.e4.core.services 2.4.400.v20240413-1529]
> Start Eclipse UI Application Services [org.eclipse.e4.ui.services 1.6.300.v20231201-1637]
> Start Eclipse e4 Progress View [org.eclipse.e4.ui.progress 0.4.600.v20240606-1020]
> Start Eclipse Bindings Support [org.eclipse.e4.ui.bindings 0.14.400.v20240321-1245]
> Start Eclipse e4 core commands [org.eclipse.e4.core.commands 1.1.400.v20240424-0444]
> Start EMF XML/XMI Persistence [org.eclipse.emf.ecore.xmi 2.38.0.v20240721-0634]
> Start Eclipse CSS SWT Theme Support [org.eclipse.e4.ui.css.swt.theme 0.14.400.v20240424-0956]
> Start Eclipse e4 Workbench Add-ons [org.eclipse.e4.ui.workbench.addons.swt 1.5.500.v20240620-1945]
> Start Eclipse e4 Workbench SWT Renderer [org.eclipse.e4.ui.workbench.renderers.swt 0.16.500.v20240727-1037]
> Start Eclipse Dependency Injection Extensions [org.eclipse.e4.core.di.extensions 0.18.300.v20240413-1529]
> Start Eclipse CSS SWT Support [org.eclipse.e4.ui.css.swt 0.15.400.v20240321-1245]
> Start Default Text Editor [org.eclipse.ui.editors 3.18.0.v20240807-0735]
> Start Text Editor Framework [org.eclipse.ui.workbench.texteditor 3.18.0.v20240819-1419]
2024-11-13 21:27:56.411 - Configure workbench window
> Start DBeaver SQL Model [org.jkiss.dbeaver.model.sql 1.0.130.202410061621]
2024-11-13 21:27:56.570 - Total database drivers: 119 (119)
> Start Help System Core [org.eclipse.help 3.10.400.v20240415-0528]
2024-11-13 21:27:56.644 - Create actions
2024-11-13 21:27:56.650 - Disable Eclipse action set 'org.eclipse.ui.edit.text.actionSet.annotationNavigation'
2024-11-13 21:27:56.650 - Disable Eclipse action set 'org.eclipse.ui.WorkingSetActionSet'
2024-11-13 21:27:56.650 - Disable Eclipse action set 'org.eclipse.ui.actionSet.openFiles'
2024-11-13 21:27:56.651 - Create workbench actions
2024-11-13 21:27:57.053 - Initialize workbench window
2024-11-13 21:27:57.060 - Finish initialization
> Start DBeaver UI Editors - Data [org.jkiss.dbeaver.ui.editors.data 1.0.140.202410061621]
> Start DBeaver UI Editors - SQL [org.jkiss.dbeaver.ui.editors.sql 1.0.140.202410061621]
> Start DBeaver SQL Terminal [org.jkiss.dbeaver.ui.editors.sql.terminal 1.0.116.202410061621]
> Start Core Compare Support [org.eclipse.compare.core 3.8.500.v20240524-2010]
> Start Internet Connection Management UI [org.eclipse.ui.net 1.5.400.v20240413-1529]
> Start Internet Connection Management [org.eclipse.core.net 1.5.500.v20240625-1706]
> Start DBeaver Sample Database [org.jkiss.dbeaver.ext.sample.database 1.0.177.202410061621]
> Start DBeaver Tip of the day [org.jkiss.dbeaver.ext.ui.tipoftheday 1.0.146.202410061621]
> Start GEF Classic Draw2d [org.eclipse.draw2d 3.17.0.202409021815]
> Start GEF Classic GEF (MVC) [org.eclipse.gef 3.19.0.202409021815]
> Start DBeaver ERD UI [org.jkiss.dbeaver.erd.ui 3.0.100.202410061621]
> Start DBeaver ERD Model [org.jkiss.dbeaver.erd.model 1.0.100.202410061621]
> Start DBeaver Dashboard UI [org.jkiss.dbeaver.ui.dashboard 1.0.137.202410061621]
> Start DBeaver UI Editors - Connections [org.jkiss.dbeaver.ui.editors.connection 1.0.131.202410061621]
> Start Console [org.eclipse.ui.console 3.14.100.v20240429-1358]
> Start Debug Core [org.eclipse.debug.core 3.21.500.v20240801-2219]
2024-11-13 21:27:59.538 - Connect with 'postgres' (postgres-jdbc-192696dc61e-27e03f1e851589e1)
> Start DBeaver JDBC Model [org.jkiss.dbeaver.model.jdbc 1.0.33.202410061621]
> Start DBeaver PostgreSQL Model [org.jkiss.dbeaver.ext.postgresql 2.1.213.202410061621]
> Start DBeaver GIS Support [org.jkiss.dbeaver.data.gis 1.0.164.202410061621]
2024-11-13 21:27:59.870 - Execution context opened (postgres; Main <postgres>; 0)
2024-11-13 21:27:59.870 - Initiate connection to PostgreSQL database [postgres@localhost] for Main <postgres>
2024-11-13 21:27:59.927 - Execution context opened (postgres; Metadata <postgres>; 1)
2024-11-13 21:27:59.927 - Initiate connection to PostgreSQL database [postgres@localhost] for Metadata <postgres>
2024-11-13 21:28:00.016 - Connected (postgres-jdbc-192696dc61e-27e03f1e851589e1, PostgreSQL JDBC Driver [42.7.2])
2024-11-13 21:28:00.018 - Execution context opened (postgres; SQLEditor <exercise.sql>; 2)
2024-11-13 21:28:00.019 - Initiate connection to PostgreSQL database [postgres@localhost] for SQLEditor <exercise.sql>
> Start DBeaver SQL Language Semantic Model [org.jkiss.dbeaver.model.lsm 1.0.35.202410061621]
2024-11-13 21:28:01.170 - Open [https://dbeaver.io/product/version.xml]
> Start DBeaver Tasks - Native Tools UI [org.jkiss.dbeaver.tasks.native.ui 1.0.118.202410061621]
> Start DBeaver PostgreSQL UI [org.jkiss.dbeaver.ext.postgresql.ui 1.0.116.202410061621]
> Start DBeaver Tasks - General UI [org.jkiss.dbeaver.tasks.ui 1.0.118.202410061621]
2024-11-13 21:43:20.535 - Execution context closed (postgres, 2)
2024-11-13 21:43:20.803 - Dispose navigator model
2024-11-13 21:43:20.894 - DBeaver is stopping
2024-11-13 21:43:20.895 - Stop instance server
2024-11-13 21:43:21.896 - Instance server has been stopped
2024-11-13 21:43:21.897 - DBeaver shutdown completed
