2024-11-23 21:14:34.817 - DBeaver 24.2.4.202411031831 is starting
2024-11-23 21:14:34.818 - OS: Linux 6.9.3-76060903-generic (amd64)
2024-11-23 21:14:34.818 - Java version: 17.0.6 by Eclipse Adoptium (64bit)
2024-11-23 21:14:34.819 - Install path: '/usr/share/dbeaver-ce'
2024-11-23 21:14:34.819 - Instance path: 'file:/home/ricardo/code/data_postgres/'
2024-11-23 21:14:34.822 - Memory available 64Mb/1024Mb
2024-11-23 21:14:34.837 - Create display
2024-11-23 21:14:35.042 - Starting instance server at http://localhost:33297
2024-11-23 21:14:35.055 - Run workbench
> Start Eclipse e4 Workbench SWT [org.eclipse.e4.ui.workbench.swt 0.17.500.v20240807-0911]
> Start Eclipse Application Services [org.eclipse.e4.core.services 2.4.400.v20240413-1529]
> Start Eclipse UI Application Services [org.eclipse.e4.ui.services 1.6.300.v20231201-1637]
> Start Eclipse e4 Progress View [org.eclipse.e4.ui.progress 0.4.600.v20240606-1020]
> Start Eclipse Bindings Support [org.eclipse.e4.ui.bindings 0.14.400.v20240321-1245]
> Start Eclipse e4 core commands [org.eclipse.e4.core.commands 1.1.400.v20240424-0444]
> Start EMF XML/XMI Persistence [org.eclipse.emf.ecore.xmi 2.38.0.v20240721-0634]
> Start Eclipse CSS SWT Theme Support [org.eclipse.e4.ui.css.swt.theme 0.14.400.v20240424-0956]
> Start Eclipse e4 Workbench Add-ons [org.eclipse.e4.ui.workbench.addons.swt 1.5.500.v20240620-1945]
> Start Eclipse e4 Workbench SWT Renderer [org.eclipse.e4.ui.workbench.renderers.swt 0.16.500.v20240727-1037]
> Start Eclipse Dependency Injection Extensions [org.eclipse.e4.core.di.extensions 0.18.300.v20240413-1529]
> Start Eclipse CSS SWT Support [org.eclipse.e4.ui.css.swt 0.15.400.v20240321-1245]
> Start Default Text Editor [org.eclipse.ui.editors 3.18.0.v20240807-0735]
> Start Text Editor Framework [org.eclipse.ui.workbench.texteditor 3.18.0.v20240819-1419]
2024-11-23 21:14:38.152 - Configure workbench window
> Start DBeaver SQL Model [org.jkiss.dbeaver.model.sql 1.0.132.202411031831]
2024-11-23 21:14:38.494 - Total database drivers: 119 (119)
> Start Help System Core [org.eclipse.help 3.10.400.v20240415-0528]
2024-11-23 21:14:38.652 - Create actions
2024-11-23 21:14:38.668 - Disable Eclipse action set 'org.eclipse.ui.edit.text.actionSet.annotationNavigation'
2024-11-23 21:14:38.669 - Disable Eclipse action set 'org.eclipse.ui.WorkingSetActionSet'
2024-11-23 21:14:38.669 - Disable Eclipse action set 'org.eclipse.ui.actionSet.openFiles'
2024-11-23 21:14:38.670 - Create workbench actions
2024-11-23 21:14:39.561 - Initialize workbench window
2024-11-23 21:14:39.571 - Finish initialization
> Start DBeaver UI Editors - Data [org.jkiss.dbeaver.ui.editors.data 1.0.142.202411031831]
> Start DBeaver UI Editors - SQL [org.jkiss.dbeaver.ui.editors.sql 1.0.142.202411031831]
> Start DBeaver SQL Terminal [org.jkiss.dbeaver.ui.editors.sql.terminal 1.0.118.202411031831]
> Start Core Compare Support [org.eclipse.compare.core 3.8.500.v20240524-2010]
> Start Internet Connection Management UI [org.eclipse.ui.net 1.5.400.v20240413-1529]
> Start Internet Connection Management [org.eclipse.core.net 1.5.500.v20240625-1706]
> Start DBeaver Sample Database [org.jkiss.dbeaver.ext.sample.database 1.0.179.202411031831]
> Start DBeaver Tip of the day [org.jkiss.dbeaver.ext.ui.tipoftheday 1.0.148.202411031831]
> Start GEF Classic Draw2d [org.eclipse.draw2d 3.17.0.202409021815]
> Start GEF Classic GEF (MVC) [org.eclipse.gef 3.19.0.202409021815]
> Start DBeaver ERD UI [org.jkiss.dbeaver.erd.ui 3.0.102.202411031831]
> Start DBeaver ERD Model [org.jkiss.dbeaver.erd.model 1.0.102.202411031831]
> Start DBeaver Dashboard UI [org.jkiss.dbeaver.ui.dashboard 1.0.139.202411031831]
> Start DBeaver UI Editors - Connections [org.jkiss.dbeaver.ui.editors.connection 1.0.133.202411031831]
> Start Console [org.eclipse.ui.console 3.14.100.v20240429-1358]
> Start Debug Core [org.eclipse.debug.core 3.21.500.v20240801-2219]
> Start DBeaver Tasks - Native Tools UI [org.jkiss.dbeaver.tasks.native.ui 1.0.120.202411031831]
> Start DBeaver PostgreSQL UI [org.jkiss.dbeaver.ext.postgresql.ui 1.0.118.202411031831]
> Start DBeaver Tasks - General UI [org.jkiss.dbeaver.tasks.ui 1.0.120.202411031831]
2024-11-23 21:14:45.183 - Open [https://dbeaver.io/product/version.xml]
2024-11-23 21:14:45.342 - Connect with 'postgres' (postgres-jdbc-192696dc61e-27e03f1e851589e1)
> Start DBeaver JDBC Model [org.jkiss.dbeaver.model.jdbc 1.0.35.202411031831]
> Start DBeaver PostgreSQL Model [org.jkiss.dbeaver.ext.postgresql 2.1.215.202411031831]
> Start DBeaver GIS Support [org.jkiss.dbeaver.data.gis 1.0.166.202411031831]
2024-11-23 21:14:46.155 - Execution context opened (postgres; Main <postgres>; 0)
2024-11-23 21:14:46.155 - Initiate connection to PostgreSQL database [postgres@localhost] for Main <postgres>
2024-11-23 21:14:46.254 - Execution context opened (postgres; Metadata <postgres>; 1)
2024-11-23 21:14:46.254 - Initiate connection to PostgreSQL database [postgres@localhost] for Metadata <postgres>
2024-11-23 21:14:46.407 - Connected (postgres-jdbc-192696dc61e-27e03f1e851589e1, PostgreSQL JDBC Driver [42.7.2])
2024-11-23 21:14:47.109 - Execution context opened (postgres; SQLEditor <exercise.sql>; 2)
2024-11-23 21:14:47.114 - Initiate connection to PostgreSQL database [postgres@localhost] for SQLEditor <exercise.sql>
> Start DBeaver SQL Language Semantic Model [org.jkiss.dbeaver.model.lsm 1.0.37.202411031831]
2024-11-23 21:23:00.326 - Execution context opened (postgres; SQLEditor <createTable.sql>; 3)
2024-11-23 21:23:00.327 - Initiate connection to PostgreSQL database [postgres@localhost] for SQLEditor <createTable.sql>
2024-11-23 21:23:13.531 - SWT resource leak detected
java.lang.Error: SWT Resource was not properly disposed
	at org.eclipse.swt.graphics.Resource.initNonDisposeTracking(Resource.java:172)
	at org.eclipse.swt.graphics.Resource.<init>(Resource.java:120)
	at org.eclipse.swt.graphics.Image.<init>(Image.java:655)
	at org.eclipse.jface.resource.ImageDescriptor.createImage(ImageDescriptor.java:340)
	at org.eclipse.jface.resource.ImageDescriptor.createImage(ImageDescriptor.java:289)
	at org.eclipse.jface.resource.ImageDescriptor.createImage(ImageDescriptor.java:267)
	at org.jkiss.dbeaver.ui.DBeaverIcons.getCompositeIcon(DBeaverIcons.java:170)
	at org.jkiss.dbeaver.ui.DBeaverIcons.getIconDescriptor(DBeaverIcons.java:122)
	at org.jkiss.dbeaver.ui.DBeaverIcons.getImage(DBeaverIcons.java:94)
	at org.jkiss.dbeaver.ui.editors.sql.SQLEditor.refreshEditorIconAndTitle(SQLEditor.java:3065)
	at org.jkiss.dbeaver.ui.editors.sql.SQLEditor.onDataSourceChange(SQLEditor.java:2980)
	at org.jkiss.dbeaver.ui.editors.sql.SQLEditor.lambda$32(SQLEditor.java:3227)
	at org.eclipse.swt.widgets.RunnableLock.run(RunnableLock.java:40)
	at org.eclipse.swt.widgets.Synchronizer.runAsyncMessages(Synchronizer.java:132)
	at org.eclipse.swt.widgets.Display.runAsyncMessages(Display.java:5040)
	at org.eclipse.swt.widgets.Display.readAndDispatch(Display.java:4520)
	at org.eclipse.e4.ui.internal.workbench.swt.PartRenderingEngine$5.run(PartRenderingEngine.java:1151)
	at org.eclipse.core.databinding.observable.Realm.runWithDefault(Realm.java:339)
	at org.eclipse.e4.ui.internal.workbench.swt.PartRenderingEngine.run(PartRenderingEngine.java:1042)
	at org.eclipse.e4.ui.internal.workbench.E4Workbench.createAndRunUI(E4Workbench.java:153)
	at org.eclipse.ui.internal.Workbench.lambda$3(Workbench.java:639)
	at org.eclipse.core.databinding.observable.Realm.runWithDefault(Realm.java:339)
	at org.eclipse.ui.internal.Workbench.createAndRunWorkbench(Workbench.java:546)
	at org.eclipse.ui.PlatformUI.createAndRunWorkbench(PlatformUI.java:173)
	at org.jkiss.dbeaver.ui.app.standalone.DBeaverApplication.start(DBeaverApplication.java:293)
	at org.eclipse.equinox.internal.app.EclipseAppHandle.run(EclipseAppHandle.java:208)
	at org.eclipse.core.runtime.internal.adaptor.EclipseAppLauncher.runApplication(EclipseAppLauncher.java:143)
	at org.eclipse.core.runtime.internal.adaptor.EclipseAppLauncher.start(EclipseAppLauncher.java:109)
	at org.eclipse.core.runtime.adaptor.EclipseStarter.run(EclipseStarter.java:439)
	at org.eclipse.core.runtime.adaptor.EclipseStarter.run(EclipseStarter.java:271)
	at java.base/jdk.internal.reflect.NativeMethodAccessorImpl.invoke0(Native Method)
	at java.base/jdk.internal.reflect.NativeMethodAccessorImpl.invoke(Unknown Source)
	at java.base/jdk.internal.reflect.DelegatingMethodAccessorImpl.invoke(Unknown Source)
	at java.base/java.lang.reflect.Method.invoke(Unknown Source)
	at org.jkiss.dbeaver.launcher.DBeaverLauncher.invokeFramework(DBeaverLauncher.java:650)
	at org.jkiss.dbeaver.launcher.DBeaverLauncher.basicRun(DBeaverLauncher.java:610)
	at org.jkiss.dbeaver.launcher.DBeaverLauncher.run(DBeaverLauncher.java:1461)
	at org.jkiss.dbeaver.launcher.DBeaverLauncher.main(DBeaverLauncher.java:1434)
2024-11-23 21:26:16.037 - SQL Error [2BP01]: ERROR: cannot drop table client because other objects depend on it
  Detail: constraint fk_ord_clientid on table orders depends on table client
  Hint: Use DROP ... CASCADE to drop the dependent objects too.
org.jkiss.dbeaver.model.sql.DBSQLException: SQL Error [2BP01]: ERROR: cannot drop table client because other objects depend on it
  Detail: constraint fk_ord_clientid on table orders depends on table client
  Hint: Use DROP ... CASCADE to drop the dependent objects too.
	at org.jkiss.dbeaver.model.impl.jdbc.exec.JDBCStatementImpl.executeStatement(JDBCStatementImpl.java:130)
	at org.jkiss.dbeaver.ui.editors.sql.execute.SQLQueryJob.executeStatement(SQLQueryJob.java:631)
	at org.jkiss.dbeaver.ui.editors.sql.execute.SQLQueryJob.lambda$2(SQLQueryJob.java:522)
	at org.jkiss.dbeaver.model.exec.DBExecUtils.tryExecuteRecover(DBExecUtils.java:192)
	at org.jkiss.dbeaver.ui.editors.sql.execute.SQLQueryJob.executeSingleQuery(SQLQueryJob.java:541)
	at org.jkiss.dbeaver.ui.editors.sql.execute.SQLQueryJob.extractData(SQLQueryJob.java:1001)
	at org.jkiss.dbeaver.ui.editors.sql.SQLEditor$QueryResultsContainer.readData(SQLEditor.java:4237)
	at org.jkiss.dbeaver.ui.controls.resultset.ResultSetJobDataRead.lambda$0(ResultSetJobDataRead.java:128)
	at org.jkiss.dbeaver.model.exec.DBExecUtils.tryExecuteRecover(DBExecUtils.java:192)
	at org.jkiss.dbeaver.ui.controls.resultset.ResultSetJobDataRead.run(ResultSetJobDataRead.java:126)
	at org.jkiss.dbeaver.ui.controls.resultset.ResultSetViewer$ResultSetDataPumpJob.run(ResultSetViewer.java:5166)
	at org.jkiss.dbeaver.model.runtime.AbstractJob.run(AbstractJob.java:117)
	at org.eclipse.core.internal.jobs.Worker.run(Worker.java:63)
Caused by: org.postgresql.util.PSQLException: ERROR: cannot drop table client because other objects depend on it
  Detail: constraint fk_ord_clientid on table orders depends on table client
  Hint: Use DROP ... CASCADE to drop the dependent objects too.
	at org.postgresql.core.v3.QueryExecutorImpl.receiveErrorResponse(QueryExecutorImpl.java:2725)
	at org.postgresql.core.v3.QueryExecutorImpl.processResults(QueryExecutorImpl.java:2412)
	at org.postgresql.core.v3.QueryExecutorImpl.execute(QueryExecutorImpl.java:371)
	at org.postgresql.jdbc.PgStatement.executeInternal(PgStatement.java:502)
	at org.postgresql.jdbc.PgStatement.execute(PgStatement.java:419)
	at org.postgresql.jdbc.PgStatement.executeWithFlags(PgStatement.java:341)
	at org.postgresql.jdbc.PgStatement.executeCachedSql(PgStatement.java:326)
	at org.postgresql.jdbc.PgStatement.executeWithFlags(PgStatement.java:302)
	at org.postgresql.jdbc.PgStatement.execute(PgStatement.java:297)
	at org.jkiss.dbeaver.model.impl.jdbc.exec.JDBCStatementImpl.execute(JDBCStatementImpl.java:335)
	at org.jkiss.dbeaver.model.impl.jdbc.exec.JDBCStatementImpl.executeStatement(JDBCStatementImpl.java:128)
	... 12 more
2024-11-23 21:26:39.524 - SQL Error [2BP01]: ERROR: cannot drop table city because other objects depend on it
  Detail: constraint fk_cln_cityid on table client depends on table city
constraint fk_car_cityid on table carrier depends on table city
  Hint: Use DROP ... CASCADE to drop the dependent objects too.

Error position:
org.jkiss.dbeaver.model.sql.DBSQLException: SQL Error [2BP01]: ERROR: cannot drop table city because other objects depend on it
  Detail: constraint fk_cln_cityid on table client depends on table city
constraint fk_car_cityid on table carrier depends on table city
  Hint: Use DROP ... CASCADE to drop the dependent objects too.
	at org.jkiss.dbeaver.model.impl.jdbc.exec.JDBCStatementImpl.executeStatement(JDBCStatementImpl.java:130)
	at org.jkiss.dbeaver.ui.editors.sql.execute.SQLQueryJob.executeStatement(SQLQueryJob.java:631)
	at org.jkiss.dbeaver.ui.editors.sql.execute.SQLQueryJob.lambda$2(SQLQueryJob.java:522)
	at org.jkiss.dbeaver.model.exec.DBExecUtils.tryExecuteRecover(DBExecUtils.java:192)
	at org.jkiss.dbeaver.ui.editors.sql.execute.SQLQueryJob.executeSingleQuery(SQLQueryJob.java:541)
	at org.jkiss.dbeaver.ui.editors.sql.execute.SQLQueryJob.extractData(SQLQueryJob.java:1001)
	at org.jkiss.dbeaver.ui.editors.sql.SQLEditor$QueryResultsContainer.readData(SQLEditor.java:4237)
	at org.jkiss.dbeaver.ui.controls.resultset.ResultSetJobDataRead.lambda$0(ResultSetJobDataRead.java:128)
	at org.jkiss.dbeaver.model.exec.DBExecUtils.tryExecuteRecover(DBExecUtils.java:192)
	at org.jkiss.dbeaver.ui.controls.resultset.ResultSetJobDataRead.run(ResultSetJobDataRead.java:126)
	at org.jkiss.dbeaver.ui.controls.resultset.ResultSetViewer$ResultSetDataPumpJob.run(ResultSetViewer.java:5166)
	at org.jkiss.dbeaver.model.runtime.AbstractJob.run(AbstractJob.java:117)
	at org.eclipse.core.internal.jobs.Worker.run(Worker.java:63)
Caused by: org.postgresql.util.PSQLException: ERROR: cannot drop table city because other objects depend on it
  Detail: constraint fk_cln_cityid on table client depends on table city
constraint fk_car_cityid on table carrier depends on table city
  Hint: Use DROP ... CASCADE to drop the dependent objects too.
	at org.postgresql.core.v3.QueryExecutorImpl.receiveErrorResponse(QueryExecutorImpl.java:2725)
	at org.postgresql.core.v3.QueryExecutorImpl.processResults(QueryExecutorImpl.java:2412)
	at org.postgresql.core.v3.QueryExecutorImpl.execute(QueryExecutorImpl.java:371)
	at org.postgresql.jdbc.PgStatement.executeInternal(PgStatement.java:502)
	at org.postgresql.jdbc.PgStatement.execute(PgStatement.java:419)
	at org.postgresql.jdbc.PgStatement.executeWithFlags(PgStatement.java:341)
	at org.postgresql.jdbc.PgStatement.executeCachedSql(PgStatement.java:326)
	at org.postgresql.jdbc.PgStatement.executeWithFlags(PgStatement.java:302)
	at org.postgresql.jdbc.PgStatement.execute(PgStatement.java:297)
	at org.jkiss.dbeaver.model.impl.jdbc.exec.JDBCStatementImpl.execute(JDBCStatementImpl.java:335)
	at org.jkiss.dbeaver.model.impl.jdbc.exec.JDBCStatementImpl.executeStatement(JDBCStatementImpl.java:128)
	... 12 more
2024-11-23 21:27:00.494 - SQL Error [42601]: ERROR: syntax error at or near "CASCADE"
  Position: 6

Error position: line: 21 pos: 5
org.jkiss.dbeaver.model.sql.DBSQLException: SQL Error [42601]: ERROR: syntax error at or near "CASCADE"
  Position: 6
	at org.jkiss.dbeaver.model.impl.jdbc.exec.JDBCStatementImpl.executeStatement(JDBCStatementImpl.java:130)
	at org.jkiss.dbeaver.ui.editors.sql.execute.SQLQueryJob.executeStatement(SQLQueryJob.java:631)
	at org.jkiss.dbeaver.ui.editors.sql.execute.SQLQueryJob.lambda$2(SQLQueryJob.java:522)
	at org.jkiss.dbeaver.model.exec.DBExecUtils.tryExecuteRecover(DBExecUtils.java:192)
	at org.jkiss.dbeaver.ui.editors.sql.execute.SQLQueryJob.executeSingleQuery(SQLQueryJob.java:541)
	at org.jkiss.dbeaver.ui.editors.sql.execute.SQLQueryJob.extractData(SQLQueryJob.java:1001)
	at org.jkiss.dbeaver.ui.editors.sql.SQLEditor$QueryResultsContainer.readData(SQLEditor.java:4237)
	at org.jkiss.dbeaver.ui.controls.resultset.ResultSetJobDataRead.lambda$0(ResultSetJobDataRead.java:128)
	at org.jkiss.dbeaver.model.exec.DBExecUtils.tryExecuteRecover(DBExecUtils.java:192)
	at org.jkiss.dbeaver.ui.controls.resultset.ResultSetJobDataRead.run(ResultSetJobDataRead.java:126)
	at org.jkiss.dbeaver.ui.controls.resultset.ResultSetViewer$ResultSetDataPumpJob.run(ResultSetViewer.java:5166)
	at org.jkiss.dbeaver.model.runtime.AbstractJob.run(AbstractJob.java:117)
	at org.eclipse.core.internal.jobs.Worker.run(Worker.java:63)
Caused by: org.postgresql.util.PSQLException: ERROR: syntax error at or near "CASCADE"
  Position: 6
	at org.postgresql.core.v3.QueryExecutorImpl.receiveErrorResponse(QueryExecutorImpl.java:2725)
	at org.postgresql.core.v3.QueryExecutorImpl.processResults(QueryExecutorImpl.java:2412)
	at org.postgresql.core.v3.QueryExecutorImpl.execute(QueryExecutorImpl.java:371)
	at org.postgresql.jdbc.PgStatement.executeInternal(PgStatement.java:502)
	at org.postgresql.jdbc.PgStatement.execute(PgStatement.java:419)
	at org.postgresql.jdbc.PgStatement.executeWithFlags(PgStatement.java:341)
	at org.postgresql.jdbc.PgStatement.executeCachedSql(PgStatement.java:326)
	at org.postgresql.jdbc.PgStatement.executeWithFlags(PgStatement.java:302)
	at org.postgresql.jdbc.PgStatement.execute(PgStatement.java:297)
	at org.jkiss.dbeaver.model.impl.jdbc.exec.JDBCStatementImpl.execute(JDBCStatementImpl.java:335)
	at org.jkiss.dbeaver.model.impl.jdbc.exec.JDBCStatementImpl.executeStatement(JDBCStatementImpl.java:128)
	... 12 more
2024-11-23 21:27:05.510 - SQL Error [42601]: ERROR: syntax error at or near "CASCADE"
  Position: 7
org.jkiss.dbeaver.model.sql.DBSQLException: SQL Error [42601]: ERROR: syntax error at or near "CASCADE"
  Position: 7
	at org.jkiss.dbeaver.model.impl.jdbc.exec.JDBCStatementImpl.executeStatement(JDBCStatementImpl.java:130)
	at org.jkiss.dbeaver.ui.editors.sql.execute.SQLQueryJob.executeStatement(SQLQueryJob.java:631)
	at org.jkiss.dbeaver.ui.editors.sql.execute.SQLQueryJob.lambda$2(SQLQueryJob.java:522)
	at org.jkiss.dbeaver.model.exec.DBExecUtils.tryExecuteRecover(DBExecUtils.java:192)
	at org.jkiss.dbeaver.ui.editors.sql.execute.SQLQueryJob.executeSingleQuery(SQLQueryJob.java:541)
	at org.jkiss.dbeaver.ui.editors.sql.execute.SQLQueryJob.extractData(SQLQueryJob.java:1001)
	at org.jkiss.dbeaver.ui.editors.sql.SQLEditor$QueryResultsContainer.readData(SQLEditor.java:4237)
	at org.jkiss.dbeaver.ui.controls.resultset.ResultSetJobDataRead.lambda$0(ResultSetJobDataRead.java:128)
	at org.jkiss.dbeaver.model.exec.DBExecUtils.tryExecuteRecover(DBExecUtils.java:192)
	at org.jkiss.dbeaver.ui.controls.resultset.ResultSetJobDataRead.run(ResultSetJobDataRead.java:126)
	at org.jkiss.dbeaver.ui.controls.resultset.ResultSetViewer$ResultSetDataPumpJob.run(ResultSetViewer.java:5166)
	at org.jkiss.dbeaver.model.runtime.AbstractJob.run(AbstractJob.java:117)
	at org.eclipse.core.internal.jobs.Worker.run(Worker.java:63)
Caused by: org.postgresql.util.PSQLException: ERROR: syntax error at or near "CASCADE"
  Position: 7
	at org.postgresql.core.v3.QueryExecutorImpl.receiveErrorResponse(QueryExecutorImpl.java:2725)
	at org.postgresql.core.v3.QueryExecutorImpl.processResults(QueryExecutorImpl.java:2412)
	at org.postgresql.core.v3.QueryExecutorImpl.execute(QueryExecutorImpl.java:371)
	at org.postgresql.jdbc.PgStatement.executeInternal(PgStatement.java:502)
	at org.postgresql.jdbc.PgStatement.execute(PgStatement.java:419)
	at org.postgresql.jdbc.PgStatement.executeWithFlags(PgStatement.java:341)
	at org.postgresql.jdbc.PgStatement.executeCachedSql(PgStatement.java:326)
	at org.postgresql.jdbc.PgStatement.executeWithFlags(PgStatement.java:302)
	at org.postgresql.jdbc.PgStatement.execute(PgStatement.java:297)
	at org.jkiss.dbeaver.model.impl.jdbc.exec.JDBCStatementImpl.execute(JDBCStatementImpl.java:335)
	at org.jkiss.dbeaver.model.impl.jdbc.exec.JDBCStatementImpl.executeStatement(JDBCStatementImpl.java:128)
	... 12 more
2024-11-23 21:27:35.181 - org/jkiss/dbeaver/tools/transfer/IDataTransferConsumer
org.jkiss.dbeaver.DBDatabaseException: org/jkiss/dbeaver/tools/transfer/IDataTransferConsumer
	at org.jkiss.dbeaver.model.exec.DBExecUtils.tryExecuteRecover(DBExecUtils.java:253)
	at org.jkiss.dbeaver.ui.controls.resultset.ResultSetJobDataRead.run(ResultSetJobDataRead.java:126)
	at org.jkiss.dbeaver.ui.controls.resultset.ResultSetViewer$ResultSetDataPumpJob.run(ResultSetViewer.java:5166)
	at org.jkiss.dbeaver.model.runtime.AbstractJob.run(AbstractJob.java:117)
	at org.eclipse.core.internal.jobs.Worker.run(Worker.java:63)
Caused by: java.lang.NoClassDefFoundError: org/jkiss/dbeaver/tools/transfer/IDataTransferConsumer
	at org.jkiss.dbeaver.ui.editors.sql.execute.SQLQueryJob.showExecutionResult(SQLQueryJob.java:773)
	at org.jkiss.dbeaver.ui.editors.sql.execute.SQLQueryJob.extractData(SQLQueryJob.java:1014)
	at org.jkiss.dbeaver.ui.editors.sql.SQLEditor$QueryResultsContainer.readData(SQLEditor.java:4237)
	at org.jkiss.dbeaver.ui.controls.resultset.ResultSetJobDataRead.lambda$0(ResultSetJobDataRead.java:128)
	at org.jkiss.dbeaver.model.exec.DBExecUtils.tryExecuteRecover(DBExecUtils.java:192)
	... 4 more
Caused by: java.lang.ClassNotFoundException: org.jkiss.dbeaver.tools.transfer.IDataTransferConsumer cannot be found by org.jkiss.dbeaver.ui.editors.sql_1.0.142.202411031831
	at org.eclipse.osgi.internal.loader.BundleLoader.generateException(BundleLoader.java:562)
	at org.eclipse.osgi.internal.loader.BundleLoader.findClass0(BundleLoader.java:557)
	at org.eclipse.osgi.internal.loader.BundleLoader.findClass(BundleLoader.java:434)
	at org.eclipse.osgi.internal.loader.ModuleClassLoader.loadClass(ModuleClassLoader.java:174)
	at java.base/java.lang.ClassLoader.loadClass(Unknown Source)
	... 9 more
2024-11-23 21:27:50.193 - org/jkiss/dbeaver/tools/transfer/IDataTransferConsumer
org.jkiss.dbeaver.DBDatabaseException: org/jkiss/dbeaver/tools/transfer/IDataTransferConsumer
	at org.jkiss.dbeaver.model.exec.DBExecUtils.tryExecuteRecover(DBExecUtils.java:253)
	at org.jkiss.dbeaver.ui.controls.resultset.ResultSetJobDataRead.run(ResultSetJobDataRead.java:126)
	at org.jkiss.dbeaver.ui.controls.resultset.ResultSetViewer$ResultSetDataPumpJob.run(ResultSetViewer.java:5166)
	at org.jkiss.dbeaver.model.runtime.AbstractJob.run(AbstractJob.java:117)
	at org.eclipse.core.internal.jobs.Worker.run(Worker.java:63)
Caused by: java.lang.NoClassDefFoundError: org/jkiss/dbeaver/tools/transfer/IDataTransferConsumer
	at org.jkiss.dbeaver.ui.editors.sql.execute.SQLQueryJob.showExecutionResult(SQLQueryJob.java:773)
	at org.jkiss.dbeaver.ui.editors.sql.execute.SQLQueryJob.extractData(SQLQueryJob.java:1014)
	at org.jkiss.dbeaver.ui.editors.sql.SQLEditor$QueryResultsContainer.readData(SQLEditor.java:4237)
	at org.jkiss.dbeaver.ui.controls.resultset.ResultSetJobDataRead.lambda$0(ResultSetJobDataRead.java:128)
	at org.jkiss.dbeaver.model.exec.DBExecUtils.tryExecuteRecover(DBExecUtils.java:192)
	... 4 more
Caused by: java.lang.ClassNotFoundException: org.jkiss.dbeaver.tools.transfer.IDataTransferConsumer cannot be found by org.jkiss.dbeaver.ui.editors.sql_1.0.142.202411031831
	... 9 more
2024-11-23 21:29:23.147 - org/jkiss/dbeaver/tools/transfer/IDataTransferConsumer
org.jkiss.dbeaver.DBDatabaseException: org/jkiss/dbeaver/tools/transfer/IDataTransferConsumer
	at org.jkiss.dbeaver.model.exec.DBExecUtils.tryExecuteRecover(DBExecUtils.java:253)
	at org.jkiss.dbeaver.ui.controls.resultset.ResultSetJobDataRead.run(ResultSetJobDataRead.java:126)
	at org.jkiss.dbeaver.ui.controls.resultset.ResultSetViewer$ResultSetDataPumpJob.run(ResultSetViewer.java:5166)
	at org.jkiss.dbeaver.model.runtime.AbstractJob.run(AbstractJob.java:117)
	at org.eclipse.core.internal.jobs.Worker.run(Worker.java:63)
Caused by: java.lang.NoClassDefFoundError: org/jkiss/dbeaver/tools/transfer/IDataTransferConsumer
	at org.jkiss.dbeaver.ui.editors.sql.execute.SQLQueryJob.showExecutionResult(SQLQueryJob.java:773)
	at org.jkiss.dbeaver.ui.editors.sql.execute.SQLQueryJob.extractData(SQLQueryJob.java:1014)
	at org.jkiss.dbeaver.ui.editors.sql.SQLEditor$QueryResultsContainer.readData(SQLEditor.java:4237)
	at org.jkiss.dbeaver.ui.controls.resultset.ResultSetJobDataRead.lambda$0(ResultSetJobDataRead.java:128)
	at org.jkiss.dbeaver.model.exec.DBExecUtils.tryExecuteRecover(DBExecUtils.java:192)
	... 4 more
Caused by: java.lang.ClassNotFoundException: org.jkiss.dbeaver.tools.transfer.IDataTransferConsumer cannot be found by org.jkiss.dbeaver.ui.editors.sql_1.0.142.202411031831
	... 9 more
2024-11-23 21:29:36.313 - org/jkiss/dbeaver/tools/transfer/IDataTransferConsumer
org.jkiss.dbeaver.DBDatabaseException: org/jkiss/dbeaver/tools/transfer/IDataTransferConsumer
	at org.jkiss.dbeaver.model.exec.DBExecUtils.tryExecuteRecover(DBExecUtils.java:253)
	at org.jkiss.dbeaver.ui.controls.resultset.ResultSetJobDataRead.run(ResultSetJobDataRead.java:126)
	at org.jkiss.dbeaver.ui.controls.resultset.ResultSetViewer$ResultSetDataPumpJob.run(ResultSetViewer.java:5166)
	at org.jkiss.dbeaver.model.runtime.AbstractJob.run(AbstractJob.java:117)
	at org.eclipse.core.internal.jobs.Worker.run(Worker.java:63)
Caused by: java.lang.NoClassDefFoundError: org/jkiss/dbeaver/tools/transfer/IDataTransferConsumer
	at org.jkiss.dbeaver.ui.editors.sql.execute.SQLQueryJob.showExecutionResult(SQLQueryJob.java:773)
	at org.jkiss.dbeaver.ui.editors.sql.execute.SQLQueryJob.extractData(SQLQueryJob.java:1014)
	at org.jkiss.dbeaver.ui.editors.sql.SQLEditor$QueryResultsContainer.readData(SQLEditor.java:4237)
	at org.jkiss.dbeaver.ui.controls.resultset.ResultSetJobDataRead.lambda$0(ResultSetJobDataRead.java:128)
	at org.jkiss.dbeaver.model.exec.DBExecUtils.tryExecuteRecover(DBExecUtils.java:192)
	... 4 more
Caused by: java.lang.ClassNotFoundException: org.jkiss.dbeaver.tools.transfer.IDataTransferConsumer cannot be found by org.jkiss.dbeaver.ui.editors.sql_1.0.142.202411031831
	... 9 more
2024-11-23 21:33:54.993 - org/jkiss/dbeaver/tools/transfer/IDataTransferConsumer
org.jkiss.dbeaver.DBDatabaseException: org/jkiss/dbeaver/tools/transfer/IDataTransferConsumer
	at org.jkiss.dbeaver.model.exec.DBExecUtils.tryExecuteRecover(DBExecUtils.java:253)
	at org.jkiss.dbeaver.ui.controls.resultset.ResultSetJobDataRead.run(ResultSetJobDataRead.java:126)
	at org.jkiss.dbeaver.ui.controls.resultset.ResultSetViewer$ResultSetDataPumpJob.run(ResultSetViewer.java:5166)
	at org.jkiss.dbeaver.model.runtime.AbstractJob.run(AbstractJob.java:117)
	at org.eclipse.core.internal.jobs.Worker.run(Worker.java:63)
Caused by: java.lang.NoClassDefFoundError: org/jkiss/dbeaver/tools/transfer/IDataTransferConsumer
	at org.jkiss.dbeaver.ui.editors.sql.execute.SQLQueryJob.showExecutionResult(SQLQueryJob.java:773)
	at org.jkiss.dbeaver.ui.editors.sql.execute.SQLQueryJob.extractData(SQLQueryJob.java:1014)
	at org.jkiss.dbeaver.ui.editors.sql.SQLEditor$QueryResultsContainer.readData(SQLEditor.java:4237)
	at org.jkiss.dbeaver.ui.controls.resultset.ResultSetJobDataRead.lambda$0(ResultSetJobDataRead.java:128)
	at org.jkiss.dbeaver.model.exec.DBExecUtils.tryExecuteRecover(DBExecUtils.java:192)
	... 4 more
Caused by: java.lang.ClassNotFoundException: org.jkiss.dbeaver.tools.transfer.IDataTransferConsumer cannot be found by org.jkiss.dbeaver.ui.editors.sql_1.0.142.202411031831
	... 9 more
2024-11-23 21:34:42.790 - org/jkiss/dbeaver/tools/transfer/IDataTransferConsumer
org.jkiss.dbeaver.DBDatabaseException: org/jkiss/dbeaver/tools/transfer/IDataTransferConsumer
	at org.jkiss.dbeaver.model.exec.DBExecUtils.tryExecuteRecover(DBExecUtils.java:253)
	at org.jkiss.dbeaver.ui.controls.resultset.ResultSetJobDataRead.run(ResultSetJobDataRead.java:126)
	at org.jkiss.dbeaver.ui.controls.resultset.ResultSetViewer$ResultSetDataPumpJob.run(ResultSetViewer.java:5166)
	at org.jkiss.dbeaver.model.runtime.AbstractJob.run(AbstractJob.java:117)
	at org.eclipse.core.internal.jobs.Worker.run(Worker.java:63)
Caused by: java.lang.NoClassDefFoundError: org/jkiss/dbeaver/tools/transfer/IDataTransferConsumer
	at org.jkiss.dbeaver.ui.editors.sql.execute.SQLQueryJob.showExecutionResult(SQLQueryJob.java:773)
	at org.jkiss.dbeaver.ui.editors.sql.execute.SQLQueryJob.extractData(SQLQueryJob.java:1014)
	at org.jkiss.dbeaver.ui.editors.sql.SQLEditor$QueryResultsContainer.readData(SQLEditor.java:4237)
	at org.jkiss.dbeaver.ui.controls.resultset.ResultSetJobDataRead.lambda$0(ResultSetJobDataRead.java:128)
	at org.jkiss.dbeaver.model.exec.DBExecUtils.tryExecuteRecover(DBExecUtils.java:192)
	... 4 more
Caused by: java.lang.ClassNotFoundException: org.jkiss.dbeaver.tools.transfer.IDataTransferConsumer cannot be found by org.jkiss.dbeaver.ui.editors.sql_1.0.142.202411031831
	... 9 more
2024-11-23 21:38:54.073 - org/jkiss/dbeaver/tools/transfer/IDataTransferConsumer
org.jkiss.dbeaver.DBDatabaseException: org/jkiss/dbeaver/tools/transfer/IDataTransferConsumer
	at org.jkiss.dbeaver.model.exec.DBExecUtils.tryExecuteRecover(DBExecUtils.java:253)
	at org.jkiss.dbeaver.ui.controls.resultset.ResultSetJobDataRead.run(ResultSetJobDataRead.java:126)
	at org.jkiss.dbeaver.ui.controls.resultset.ResultSetViewer$ResultSetDataPumpJob.run(ResultSetViewer.java:5166)
	at org.jkiss.dbeaver.model.runtime.AbstractJob.run(AbstractJob.java:117)
	at org.eclipse.core.internal.jobs.Worker.run(Worker.java:63)
Caused by: java.lang.NoClassDefFoundError: org/jkiss/dbeaver/tools/transfer/IDataTransferConsumer
	at org.jkiss.dbeaver.ui.editors.sql.execute.SQLQueryJob.showExecutionResult(SQLQueryJob.java:773)
	at org.jkiss.dbeaver.ui.editors.sql.execute.SQLQueryJob.extractData(SQLQueryJob.java:1014)
	at org.jkiss.dbeaver.ui.editors.sql.SQLEditor$QueryResultsContainer.readData(SQLEditor.java:4237)
	at org.jkiss.dbeaver.ui.controls.resultset.ResultSetJobDataRead.lambda$0(ResultSetJobDataRead.java:128)
	at org.jkiss.dbeaver.model.exec.DBExecUtils.tryExecuteRecover(DBExecUtils.java:192)
	... 4 more
Caused by: java.lang.ClassNotFoundException: org.jkiss.dbeaver.tools.transfer.IDataTransferConsumer cannot be found by org.jkiss.dbeaver.ui.editors.sql_1.0.142.202411031831
	... 9 more
2024-11-23 21:46:08.452 - Core Exception caught while reading saved collapsed folding positions
org.eclipse.core.internal.resources.ResourceException(/General/Scripts/Select.sql)[368]: java.lang.Exception: Resource '/General/Scripts/Select.sql' does not exist.
	at org.eclipse.core.internal.resources.ResourceException.provideStackTrace(ResourceException.java:42)
	at org.eclipse.core.internal.resources.ResourceException.<init>(ResourceException.java:38)
	at org.eclipse.core.internal.resources.Resource.checkExists(Resource.java:364)
	at org.eclipse.core.internal.resources.Resource.checkAccessible(Resource.java:238)
	at org.eclipse.core.internal.resources.Resource.checkAccessibleAndLocal(Resource.java:244)
	at org.eclipse.core.internal.resources.Resource.getPersistentProperty(Resource.java:1167)
	at org.jkiss.dbeaver.ui.editors.sql.syntax.SQLReconcilingStrategy.getSavedCollapsedAnnotationsOffsets(SQLReconcilingStrategy.java:126)
	at org.jkiss.dbeaver.ui.editors.sql.syntax.SQLReconcilingStrategy.reconcile(SQLReconcilingStrategy.java:250)
	at org.jkiss.dbeaver.ui.editors.sql.syntax.SQLReconcilingStrategy.initialReconcile(SQLReconcilingStrategy.java:115)
	at org.jkiss.dbeaver.ui.editors.sql.syntax.SQLReconcilingStrategy.onDataSourceChange(SQLReconcilingStrategy.java:186)
	at org.jkiss.dbeaver.ui.editors.sql.SQLEditorSourceViewerConfiguration.onDataSourceChange(SQLEditorSourceViewerConfiguration.java:433)
	at org.jkiss.dbeaver.ui.editors.sql.SQLEditorBase.reloadSyntaxRules(SQLEditorBase.java:884)
	at org.jkiss.dbeaver.ui.editors.sql.SQLEditor.reloadSyntaxRules(SQLEditor.java:3461)
	at org.jkiss.dbeaver.ui.editors.sql.SQLEditor.lambda$21(SQLEditor.java:2234)
	at org.jkiss.dbeaver.ui.UIExecutionQueue.executeInUI(UIExecutionQueue.java:68)
	at org.eclipse.swt.widgets.RunnableLock.run(RunnableLock.java:40)
	at org.eclipse.swt.widgets.Synchronizer.runAsyncMessages(Synchronizer.java:132)
	at org.eclipse.swt.widgets.Display.runAsyncMessages(Display.java:5040)
	at org.eclipse.swt.widgets.Display.readAndDispatch(Display.java:4520)
	at org.eclipse.e4.ui.internal.workbench.swt.PartRenderingEngine$5.run(PartRenderingEngine.java:1151)
	at org.eclipse.core.databinding.observable.Realm.runWithDefault(Realm.java:339)
	at org.eclipse.e4.ui.internal.workbench.swt.PartRenderingEngine.run(PartRenderingEngine.java:1042)
	at org.eclipse.e4.ui.internal.workbench.E4Workbench.createAndRunUI(E4Workbench.java:153)
	at org.eclipse.ui.internal.Workbench.lambda$3(Workbench.java:639)
	at org.eclipse.core.databinding.observable.Realm.runWithDefault(Realm.java:339)
	at org.eclipse.ui.internal.Workbench.createAndRunWorkbench(Workbench.java:546)
	at org.eclipse.ui.PlatformUI.createAndRunWorkbench(PlatformUI.java:173)
	at org.jkiss.dbeaver.ui.app.standalone.DBeaverApplication.start(DBeaverApplication.java:293)
	at org.eclipse.equinox.internal.app.EclipseAppHandle.run(EclipseAppHandle.java:208)
	at org.eclipse.core.runtime.internal.adaptor.EclipseAppLauncher.runApplication(EclipseAppLauncher.java:143)
	at org.eclipse.core.runtime.internal.adaptor.EclipseAppLauncher.start(EclipseAppLauncher.java:109)
	at org.eclipse.core.runtime.adaptor.EclipseStarter.run(EclipseStarter.java:439)
	at org.eclipse.core.runtime.adaptor.EclipseStarter.run(EclipseStarter.java:271)
	at java.base/jdk.internal.reflect.NativeMethodAccessorImpl.invoke0(Native Method)
	at java.base/jdk.internal.reflect.NativeMethodAccessorImpl.invoke(Unknown Source)
	at java.base/jdk.internal.reflect.DelegatingMethodAccessorImpl.invoke(Unknown Source)
	at java.base/java.lang.reflect.Method.invoke(Unknown Source)
	at org.jkiss.dbeaver.launcher.DBeaverLauncher.invokeFramework(DBeaverLauncher.java:650)
	at org.jkiss.dbeaver.launcher.DBeaverLauncher.basicRun(DBeaverLauncher.java:610)
	at org.jkiss.dbeaver.launcher.DBeaverLauncher.run(DBeaverLauncher.java:1461)
	at org.jkiss.dbeaver.launcher.DBeaverLauncher.main(DBeaverLauncher.java:1434)
2024-11-23 21:46:08.494 - Core Exception caught while reading saved collapsed folding positions
org.eclipse.core.internal.resources.ResourceException(/General/Scripts/Select.sql)[368]: java.lang.Exception: Resource '/General/Scripts/Select.sql' does not exist.
	at org.eclipse.core.internal.resources.ResourceException.provideStackTrace(ResourceException.java:42)
	at org.eclipse.core.internal.resources.ResourceException.<init>(ResourceException.java:38)
	at org.eclipse.core.internal.resources.Resource.checkExists(Resource.java:364)
	at org.eclipse.core.internal.resources.Resource.checkAccessible(Resource.java:238)
	at org.eclipse.core.internal.resources.Resource.checkAccessibleAndLocal(Resource.java:244)
	at org.eclipse.core.internal.resources.Resource.getPersistentProperty(Resource.java:1167)
	at org.jkiss.dbeaver.ui.editors.sql.syntax.SQLReconcilingStrategy.getSavedCollapsedAnnotationsOffsets(SQLReconcilingStrategy.java:126)
	at org.jkiss.dbeaver.ui.editors.sql.syntax.SQLReconcilingStrategy.reconcile(SQLReconcilingStrategy.java:250)
	at org.jkiss.dbeaver.ui.editors.sql.syntax.SQLReconcilingStrategy.onDataSourceChange(SQLReconcilingStrategy.java:188)
	at org.jkiss.dbeaver.ui.editors.sql.SQLEditorSourceViewerConfiguration.onDataSourceChange(SQLEditorSourceViewerConfiguration.java:433)
	at org.jkiss.dbeaver.ui.editors.sql.SQLEditorBase.reloadSyntaxRules(SQLEditorBase.java:884)
	at org.jkiss.dbeaver.ui.editors.sql.SQLEditor.reloadSyntaxRules(SQLEditor.java:3461)
	at org.jkiss.dbeaver.ui.editors.sql.SQLEditor.onDataSourceChange(SQLEditor.java:2958)
	at org.jkiss.dbeaver.ui.editors.sql.SQLEditor.onDataSourceChange(SQLEditor.java:2953)
	at org.jkiss.dbeaver.ui.UIExecutionQueue.executeInUI(UIExecutionQueue.java:68)
	at org.eclipse.swt.widgets.RunnableLock.run(RunnableLock.java:40)
	at org.eclipse.swt.widgets.Synchronizer.runAsyncMessages(Synchronizer.java:132)
	at org.eclipse.swt.widgets.Display.runAsyncMessages(Display.java:5040)
	at org.eclipse.swt.widgets.Display.readAndDispatch(Display.java:4520)
	at org.eclipse.e4.ui.internal.workbench.swt.PartRenderingEngine$5.run(PartRenderingEngine.java:1151)
	at org.eclipse.core.databinding.observable.Realm.runWithDefault(Realm.java:339)
	at org.eclipse.e4.ui.internal.workbench.swt.PartRenderingEngine.run(PartRenderingEngine.java:1042)
	at org.eclipse.e4.ui.internal.workbench.E4Workbench.createAndRunUI(E4Workbench.java:153)
	at org.eclipse.ui.internal.Workbench.lambda$3(Workbench.java:639)
	at org.eclipse.core.databinding.observable.Realm.runWithDefault(Realm.java:339)
	at org.eclipse.ui.internal.Workbench.createAndRunWorkbench(Workbench.java:546)
	at org.eclipse.ui.PlatformUI.createAndRunWorkbench(PlatformUI.java:173)
	at org.jkiss.dbeaver.ui.app.standalone.DBeaverApplication.start(DBeaverApplication.java:293)
	at org.eclipse.equinox.internal.app.EclipseAppHandle.run(EclipseAppHandle.java:208)
	at org.eclipse.core.runtime.internal.adaptor.EclipseAppLauncher.runApplication(EclipseAppLauncher.java:143)
	at org.eclipse.core.runtime.internal.adaptor.EclipseAppLauncher.start(EclipseAppLauncher.java:109)
	at org.eclipse.core.runtime.adaptor.EclipseStarter.run(EclipseStarter.java:439)
	at org.eclipse.core.runtime.adaptor.EclipseStarter.run(EclipseStarter.java:271)
	at java.base/jdk.internal.reflect.NativeMethodAccessorImpl.invoke0(Native Method)
	at java.base/jdk.internal.reflect.NativeMethodAccessorImpl.invoke(Unknown Source)
	at java.base/jdk.internal.reflect.DelegatingMethodAccessorImpl.invoke(Unknown Source)
	at java.base/java.lang.reflect.Method.invoke(Unknown Source)
	at org.jkiss.dbeaver.launcher.DBeaverLauncher.invokeFramework(DBeaverLauncher.java:650)
	at org.jkiss.dbeaver.launcher.DBeaverLauncher.basicRun(DBeaverLauncher.java:610)
	at org.jkiss.dbeaver.launcher.DBeaverLauncher.run(DBeaverLauncher.java:1461)
	at org.jkiss.dbeaver.launcher.DBeaverLauncher.main(DBeaverLauncher.java:1434)
2024-11-23 21:46:17.790 - Core Exception caught while reading saved collapsed folding positions
org.eclipse.core.internal.resources.ResourceException(/General/Scripts/Insert-Update-delete-alter.sql)[368]: java.lang.Exception: Resource '/General/Scripts/Insert-Update-delete-alter.sql' does not exist.
	at org.eclipse.core.internal.resources.ResourceException.provideStackTrace(ResourceException.java:42)
	at org.eclipse.core.internal.resources.ResourceException.<init>(ResourceException.java:38)
	at org.eclipse.core.internal.resources.Resource.checkExists(Resource.java:364)
	at org.eclipse.core.internal.resources.Resource.checkAccessible(Resource.java:238)
	at org.eclipse.core.internal.resources.Resource.checkAccessibleAndLocal(Resource.java:244)
	at org.eclipse.core.internal.resources.Resource.getPersistentProperty(Resource.java:1167)
	at org.jkiss.dbeaver.ui.editors.sql.syntax.SQLReconcilingStrategy.getSavedCollapsedAnnotationsOffsets(SQLReconcilingStrategy.java:126)
	at org.jkiss.dbeaver.ui.editors.sql.syntax.SQLReconcilingStrategy.reconcile(SQLReconcilingStrategy.java:250)
	at org.jkiss.dbeaver.ui.editors.sql.syntax.SQLReconcilingStrategy.initialReconcile(SQLReconcilingStrategy.java:115)
	at org.jkiss.dbeaver.ui.editors.sql.syntax.SQLReconcilingStrategy.onDataSourceChange(SQLReconcilingStrategy.java:186)
	at org.jkiss.dbeaver.ui.editors.sql.SQLEditorSourceViewerConfiguration.onDataSourceChange(SQLEditorSourceViewerConfiguration.java:433)
	at org.jkiss.dbeaver.ui.editors.sql.SQLEditorBase.reloadSyntaxRules(SQLEditorBase.java:884)
	at org.jkiss.dbeaver.ui.editors.sql.SQLEditor.reloadSyntaxRules(SQLEditor.java:3461)
	at org.jkiss.dbeaver.ui.editors.sql.SQLEditor.lambda$21(SQLEditor.java:2234)
	at org.jkiss.dbeaver.ui.UIExecutionQueue.executeInUI(UIExecutionQueue.java:68)
	at org.eclipse.swt.widgets.RunnableLock.run(RunnableLock.java:40)
	at org.eclipse.swt.widgets.Synchronizer.runAsyncMessages(Synchronizer.java:132)
	at org.eclipse.swt.widgets.Display.runAsyncMessages(Display.java:5040)
	at org.eclipse.swt.widgets.Display.readAndDispatch(Display.java:4520)
	at org.eclipse.e4.ui.internal.workbench.swt.PartRenderingEngine$5.run(PartRenderingEngine.java:1151)
	at org.eclipse.core.databinding.observable.Realm.runWithDefault(Realm.java:339)
	at org.eclipse.e4.ui.internal.workbench.swt.PartRenderingEngine.run(PartRenderingEngine.java:1042)
	at org.eclipse.e4.ui.internal.workbench.E4Workbench.createAndRunUI(E4Workbench.java:153)
	at org.eclipse.ui.internal.Workbench.lambda$3(Workbench.java:639)
	at org.eclipse.core.databinding.observable.Realm.runWithDefault(Realm.java:339)
	at org.eclipse.ui.internal.Workbench.createAndRunWorkbench(Workbench.java:546)
	at org.eclipse.ui.PlatformUI.createAndRunWorkbench(PlatformUI.java:173)
	at org.jkiss.dbeaver.ui.app.standalone.DBeaverApplication.start(DBeaverApplication.java:293)
	at org.eclipse.equinox.internal.app.EclipseAppHandle.run(EclipseAppHandle.java:208)
	at org.eclipse.core.runtime.internal.adaptor.EclipseAppLauncher.runApplication(EclipseAppLauncher.java:143)
	at org.eclipse.core.runtime.internal.adaptor.EclipseAppLauncher.start(EclipseAppLauncher.java:109)
	at org.eclipse.core.runtime.adaptor.EclipseStarter.run(EclipseStarter.java:439)
	at org.eclipse.core.runtime.adaptor.EclipseStarter.run(EclipseStarter.java:271)
	at java.base/jdk.internal.reflect.NativeMethodAccessorImpl.invoke0(Native Method)
	at java.base/jdk.internal.reflect.NativeMethodAccessorImpl.invoke(Unknown Source)
	at java.base/jdk.internal.reflect.DelegatingMethodAccessorImpl.invoke(Unknown Source)
	at java.base/java.lang.reflect.Method.invoke(Unknown Source)
	at org.jkiss.dbeaver.launcher.DBeaverLauncher.invokeFramework(DBeaverLauncher.java:650)
	at org.jkiss.dbeaver.launcher.DBeaverLauncher.basicRun(DBeaverLauncher.java:610)
	at org.jkiss.dbeaver.launcher.DBeaverLauncher.run(DBeaverLauncher.java:1461)
	at org.jkiss.dbeaver.launcher.DBeaverLauncher.main(DBeaverLauncher.java:1434)
2024-11-23 21:46:17.826 - Core Exception caught while reading saved collapsed folding positions
org.eclipse.core.internal.resources.ResourceException(/General/Scripts/Insert-Update-delete-alter.sql)[368]: java.lang.Exception: Resource '/General/Scripts/Insert-Update-delete-alter.sql' does not exist.
	at org.eclipse.core.internal.resources.ResourceException.provideStackTrace(ResourceException.java:42)
	at org.eclipse.core.internal.resources.ResourceException.<init>(ResourceException.java:38)
	at org.eclipse.core.internal.resources.Resource.checkExists(Resource.java:364)
	at org.eclipse.core.internal.resources.Resource.checkAccessible(Resource.java:238)
	at org.eclipse.core.internal.resources.Resource.checkAccessibleAndLocal(Resource.java:244)
	at org.eclipse.core.internal.resources.Resource.getPersistentProperty(Resource.java:1167)
	at org.jkiss.dbeaver.ui.editors.sql.syntax.SQLReconcilingStrategy.getSavedCollapsedAnnotationsOffsets(SQLReconcilingStrategy.java:126)
	at org.jkiss.dbeaver.ui.editors.sql.syntax.SQLReconcilingStrategy.reconcile(SQLReconcilingStrategy.java:250)
	at org.jkiss.dbeaver.ui.editors.sql.syntax.SQLReconcilingStrategy.onDataSourceChange(SQLReconcilingStrategy.java:188)
	at org.jkiss.dbeaver.ui.editors.sql.SQLEditorSourceViewerConfiguration.onDataSourceChange(SQLEditorSourceViewerConfiguration.java:433)
	at org.jkiss.dbeaver.ui.editors.sql.SQLEditorBase.reloadSyntaxRules(SQLEditorBase.java:884)
	at org.jkiss.dbeaver.ui.editors.sql.SQLEditor.reloadSyntaxRules(SQLEditor.java:3461)
	at org.jkiss.dbeaver.ui.editors.sql.SQLEditor.onDataSourceChange(SQLEditor.java:2958)
	at org.jkiss.dbeaver.ui.editors.sql.SQLEditor.onDataSourceChange(SQLEditor.java:2953)
	at org.jkiss.dbeaver.ui.UIExecutionQueue.executeInUI(UIExecutionQueue.java:68)
	at org.eclipse.swt.widgets.RunnableLock.run(RunnableLock.java:40)
	at org.eclipse.swt.widgets.Synchronizer.runAsyncMessages(Synchronizer.java:132)
	at org.eclipse.swt.widgets.Display.runAsyncMessages(Display.java:5040)
	at org.eclipse.swt.widgets.Display.readAndDispatch(Display.java:4520)
	at org.eclipse.e4.ui.internal.workbench.swt.PartRenderingEngine$5.run(PartRenderingEngine.java:1151)
	at org.eclipse.core.databinding.observable.Realm.runWithDefault(Realm.java:339)
	at org.eclipse.e4.ui.internal.workbench.swt.PartRenderingEngine.run(PartRenderingEngine.java:1042)
	at org.eclipse.e4.ui.internal.workbench.E4Workbench.createAndRunUI(E4Workbench.java:153)
	at org.eclipse.ui.internal.Workbench.lambda$3(Workbench.java:639)
	at org.eclipse.core.databinding.observable.Realm.runWithDefault(Realm.java:339)
	at org.eclipse.ui.internal.Workbench.createAndRunWorkbench(Workbench.java:546)
	at org.eclipse.ui.PlatformUI.createAndRunWorkbench(PlatformUI.java:173)
	at org.jkiss.dbeaver.ui.app.standalone.DBeaverApplication.start(DBeaverApplication.java:293)
	at org.eclipse.equinox.internal.app.EclipseAppHandle.run(EclipseAppHandle.java:208)
	at org.eclipse.core.runtime.internal.adaptor.EclipseAppLauncher.runApplication(EclipseAppLauncher.java:143)
	at org.eclipse.core.runtime.internal.adaptor.EclipseAppLauncher.start(EclipseAppLauncher.java:109)
	at org.eclipse.core.runtime.adaptor.EclipseStarter.run(EclipseStarter.java:439)
	at org.eclipse.core.runtime.adaptor.EclipseStarter.run(EclipseStarter.java:271)
	at java.base/jdk.internal.reflect.NativeMethodAccessorImpl.invoke0(Native Method)
	at java.base/jdk.internal.reflect.NativeMethodAccessorImpl.invoke(Unknown Source)
	at java.base/jdk.internal.reflect.DelegatingMethodAccessorImpl.invoke(Unknown Source)
	at java.base/java.lang.reflect.Method.invoke(Unknown Source)
	at org.jkiss.dbeaver.launcher.DBeaverLauncher.invokeFramework(DBeaverLauncher.java:650)
	at org.jkiss.dbeaver.launcher.DBeaverLauncher.basicRun(DBeaverLauncher.java:610)
	at org.jkiss.dbeaver.launcher.DBeaverLauncher.run(DBeaverLauncher.java:1461)
	at org.jkiss.dbeaver.launcher.DBeaverLauncher.main(DBeaverLauncher.java:1434)
2024-11-23 21:46:20.357 - Execution context closed (postgres, 2)
2024-11-23 21:46:25.563 - Core Exception caught while reading saved collapsed folding positions
org.eclipse.core.internal.resources.ResourceException(/General/Scripts/agregatedFunction.sql)[368]: java.lang.Exception: Resource '/General/Scripts/agregatedFunction.sql' does not exist.
	at org.eclipse.core.internal.resources.ResourceException.provideStackTrace(ResourceException.java:42)
	at org.eclipse.core.internal.resources.ResourceException.<init>(ResourceException.java:38)
	at org.eclipse.core.internal.resources.Resource.checkExists(Resource.java:364)
	at org.eclipse.core.internal.resources.Resource.checkAccessible(Resource.java:238)
	at org.eclipse.core.internal.resources.Resource.checkAccessibleAndLocal(Resource.java:244)
	at org.eclipse.core.internal.resources.Resource.getPersistentProperty(Resource.java:1167)
	at org.jkiss.dbeaver.ui.editors.sql.syntax.SQLReconcilingStrategy.getSavedCollapsedAnnotationsOffsets(SQLReconcilingStrategy.java:126)
	at org.jkiss.dbeaver.ui.editors.sql.syntax.SQLReconcilingStrategy.reconcile(SQLReconcilingStrategy.java:250)
	at org.jkiss.dbeaver.ui.editors.sql.syntax.SQLReconcilingStrategy.initialReconcile(SQLReconcilingStrategy.java:115)
	at org.jkiss.dbeaver.ui.editors.sql.syntax.SQLReconcilingStrategy.onDataSourceChange(SQLReconcilingStrategy.java:186)
	at org.jkiss.dbeaver.ui.editors.sql.SQLEditorSourceViewerConfiguration.onDataSourceChange(SQLEditorSourceViewerConfiguration.java:433)
	at org.jkiss.dbeaver.ui.editors.sql.SQLEditorBase.reloadSyntaxRules(SQLEditorBase.java:884)
	at org.jkiss.dbeaver.ui.editors.sql.SQLEditor.reloadSyntaxRules(SQLEditor.java:3461)
	at org.jkiss.dbeaver.ui.editors.sql.SQLEditor.lambda$21(SQLEditor.java:2234)
	at org.jkiss.dbeaver.ui.UIExecutionQueue.executeInUI(UIExecutionQueue.java:68)
	at org.eclipse.swt.widgets.RunnableLock.run(RunnableLock.java:40)
	at org.eclipse.swt.widgets.Synchronizer.runAsyncMessages(Synchronizer.java:132)
	at org.eclipse.swt.widgets.Display.runAsyncMessages(Display.java:5040)
	at org.eclipse.swt.widgets.Display.readAndDispatch(Display.java:4520)
	at org.eclipse.e4.ui.internal.workbench.swt.PartRenderingEngine$5.run(PartRenderingEngine.java:1151)
	at org.eclipse.core.databinding.observable.Realm.runWithDefault(Realm.java:339)
	at org.eclipse.e4.ui.internal.workbench.swt.PartRenderingEngine.run(PartRenderingEngine.java:1042)
	at org.eclipse.e4.ui.internal.workbench.E4Workbench.createAndRunUI(E4Workbench.java:153)
	at org.eclipse.ui.internal.Workbench.lambda$3(Workbench.java:639)
	at org.eclipse.core.databinding.observable.Realm.runWithDefault(Realm.java:339)
	at org.eclipse.ui.internal.Workbench.createAndRunWorkbench(Workbench.java:546)
	at org.eclipse.ui.PlatformUI.createAndRunWorkbench(PlatformUI.java:173)
	at org.jkiss.dbeaver.ui.app.standalone.DBeaverApplication.start(DBeaverApplication.java:293)
	at org.eclipse.equinox.internal.app.EclipseAppHandle.run(EclipseAppHandle.java:208)
	at org.eclipse.core.runtime.internal.adaptor.EclipseAppLauncher.runApplication(EclipseAppLauncher.java:143)
	at org.eclipse.core.runtime.internal.adaptor.EclipseAppLauncher.start(EclipseAppLauncher.java:109)
	at org.eclipse.core.runtime.adaptor.EclipseStarter.run(EclipseStarter.java:439)
	at org.eclipse.core.runtime.adaptor.EclipseStarter.run(EclipseStarter.java:271)
	at java.base/jdk.internal.reflect.NativeMethodAccessorImpl.invoke0(Native Method)
	at java.base/jdk.internal.reflect.NativeMethodAccessorImpl.invoke(Unknown Source)
	at java.base/jdk.internal.reflect.DelegatingMethodAccessorImpl.invoke(Unknown Source)
	at java.base/java.lang.reflect.Method.invoke(Unknown Source)
	at org.jkiss.dbeaver.launcher.DBeaverLauncher.invokeFramework(DBeaverLauncher.java:650)
	at org.jkiss.dbeaver.launcher.DBeaverLauncher.basicRun(DBeaverLauncher.java:610)
	at org.jkiss.dbeaver.launcher.DBeaverLauncher.run(DBeaverLauncher.java:1461)
	at org.jkiss.dbeaver.launcher.DBeaverLauncher.main(DBeaverLauncher.java:1434)
2024-11-23 21:46:25.573 - Core Exception caught while reading saved collapsed folding positions
org.eclipse.core.internal.resources.ResourceException(/General/Scripts/agregatedFunction.sql)[368]: java.lang.Exception: Resource '/General/Scripts/agregatedFunction.sql' does not exist.
	at org.eclipse.core.internal.resources.ResourceException.provideStackTrace(ResourceException.java:42)
	at org.eclipse.core.internal.resources.ResourceException.<init>(ResourceException.java:38)
	at org.eclipse.core.internal.resources.Resource.checkExists(Resource.java:364)
	at org.eclipse.core.internal.resources.Resource.checkAccessible(Resource.java:238)
	at org.eclipse.core.internal.resources.Resource.checkAccessibleAndLocal(Resource.java:244)
	at org.eclipse.core.internal.resources.Resource.getPersistentProperty(Resource.java:1167)
	at org.jkiss.dbeaver.ui.editors.sql.syntax.SQLReconcilingStrategy.getSavedCollapsedAnnotationsOffsets(SQLReconcilingStrategy.java:126)
	at org.jkiss.dbeaver.ui.editors.sql.syntax.SQLReconcilingStrategy.reconcile(SQLReconcilingStrategy.java:250)
	at org.jkiss.dbeaver.ui.editors.sql.syntax.SQLReconcilingStrategy.onDataSourceChange(SQLReconcilingStrategy.java:188)
	at org.jkiss.dbeaver.ui.editors.sql.SQLEditorSourceViewerConfiguration.onDataSourceChange(SQLEditorSourceViewerConfiguration.java:433)
	at org.jkiss.dbeaver.ui.editors.sql.SQLEditorBase.reloadSyntaxRules(SQLEditorBase.java:884)
	at org.jkiss.dbeaver.ui.editors.sql.SQLEditor.reloadSyntaxRules(SQLEditor.java:3461)
	at org.jkiss.dbeaver.ui.editors.sql.SQLEditor.onDataSourceChange(SQLEditor.java:2958)
	at org.jkiss.dbeaver.ui.editors.sql.SQLEditor.onDataSourceChange(SQLEditor.java:2953)
	at org.jkiss.dbeaver.ui.UIExecutionQueue.executeInUI(UIExecutionQueue.java:68)
	at org.eclipse.swt.widgets.RunnableLock.run(RunnableLock.java:40)
	at org.eclipse.swt.widgets.Synchronizer.runAsyncMessages(Synchronizer.java:132)
	at org.eclipse.swt.widgets.Display.runAsyncMessages(Display.java:5040)
	at org.eclipse.swt.widgets.Display.readAndDispatch(Display.java:4520)
	at org.eclipse.e4.ui.internal.workbench.swt.PartRenderingEngine$5.run(PartRenderingEngine.java:1151)
	at org.eclipse.core.databinding.observable.Realm.runWithDefault(Realm.java:339)
	at org.eclipse.e4.ui.internal.workbench.swt.PartRenderingEngine.run(PartRenderingEngine.java:1042)
	at org.eclipse.e4.ui.internal.workbench.E4Workbench.createAndRunUI(E4Workbench.java:153)
	at org.eclipse.ui.internal.Workbench.lambda$3(Workbench.java:639)
	at org.eclipse.core.databinding.observable.Realm.runWithDefault(Realm.java:339)
	at org.eclipse.ui.internal.Workbench.createAndRunWorkbench(Workbench.java:546)
	at org.eclipse.ui.PlatformUI.createAndRunWorkbench(PlatformUI.java:173)
	at org.jkiss.dbeaver.ui.app.standalone.DBeaverApplication.start(DBeaverApplication.java:293)
	at org.eclipse.equinox.internal.app.EclipseAppHandle.run(EclipseAppHandle.java:208)
	at org.eclipse.core.runtime.internal.adaptor.EclipseAppLauncher.runApplication(EclipseAppLauncher.java:143)
	at org.eclipse.core.runtime.internal.adaptor.EclipseAppLauncher.start(EclipseAppLauncher.java:109)
	at org.eclipse.core.runtime.adaptor.EclipseStarter.run(EclipseStarter.java:439)
	at org.eclipse.core.runtime.adaptor.EclipseStarter.run(EclipseStarter.java:271)
	at java.base/jdk.internal.reflect.NativeMethodAccessorImpl.invoke0(Native Method)
	at java.base/jdk.internal.reflect.NativeMethodAccessorImpl.invoke(Unknown Source)
	at java.base/jdk.internal.reflect.DelegatingMethodAccessorImpl.invoke(Unknown Source)
	at java.base/java.lang.reflect.Method.invoke(Unknown Source)
	at org.jkiss.dbeaver.launcher.DBeaverLauncher.invokeFramework(DBeaverLauncher.java:650)
	at org.jkiss.dbeaver.launcher.DBeaverLauncher.basicRun(DBeaverLauncher.java:610)
	at org.jkiss.dbeaver.launcher.DBeaverLauncher.run(DBeaverLauncher.java:1461)
	at org.jkiss.dbeaver.launcher.DBeaverLauncher.main(DBeaverLauncher.java:1434)
2024-11-23 21:47:33.414 - SQL Error [42601]: ERROR: syntax error at or near "'Data de Nascimento'"
  Position: 34

Error position: line: 73 pos: 33
org.jkiss.dbeaver.model.sql.DBSQLException: SQL Error [42601]: ERROR: syntax error at or near "'Data de Nascimento'"
  Position: 34
	at org.jkiss.dbeaver.model.impl.jdbc.exec.JDBCStatementImpl.executeStatement(JDBCStatementImpl.java:130)
	at org.jkiss.dbeaver.ui.editors.sql.execute.SQLQueryJob.executeStatement(SQLQueryJob.java:631)
	at org.jkiss.dbeaver.ui.editors.sql.execute.SQLQueryJob.lambda$2(SQLQueryJob.java:522)
	at org.jkiss.dbeaver.model.exec.DBExecUtils.tryExecuteRecover(DBExecUtils.java:192)
	at org.jkiss.dbeaver.ui.editors.sql.execute.SQLQueryJob.executeSingleQuery(SQLQueryJob.java:541)
	at org.jkiss.dbeaver.ui.editors.sql.execute.SQLQueryJob.extractData(SQLQueryJob.java:1001)
	at org.jkiss.dbeaver.ui.editors.sql.SQLEditor$QueryResultsContainer.readData(SQLEditor.java:4237)
	at org.jkiss.dbeaver.ui.controls.resultset.ResultSetJobDataRead.lambda$0(ResultSetJobDataRead.java:128)
	at org.jkiss.dbeaver.model.exec.DBExecUtils.tryExecuteRecover(DBExecUtils.java:192)
	at org.jkiss.dbeaver.ui.controls.resultset.ResultSetJobDataRead.run(ResultSetJobDataRead.java:126)
	at org.jkiss.dbeaver.ui.controls.resultset.ResultSetViewer$ResultSetDataPumpJob.run(ResultSetViewer.java:5166)
	at org.jkiss.dbeaver.model.runtime.AbstractJob.run(AbstractJob.java:117)
	at org.eclipse.core.internal.jobs.Worker.run(Worker.java:63)
Caused by: org.postgresql.util.PSQLException: ERROR: syntax error at or near "'Data de Nascimento'"
  Position: 34
	at org.postgresql.core.v3.QueryExecutorImpl.receiveErrorResponse(QueryExecutorImpl.java:2725)
	at org.postgresql.core.v3.QueryExecutorImpl.processResults(QueryExecutorImpl.java:2412)
	at org.postgresql.core.v3.QueryExecutorImpl.execute(QueryExecutorImpl.java:371)
	at org.postgresql.jdbc.PgStatement.executeInternal(PgStatement.java:502)
	at org.postgresql.jdbc.PgStatement.execute(PgStatement.java:419)
	at org.postgresql.jdbc.PgStatement.executeWithFlags(PgStatement.java:341)
	at org.postgresql.jdbc.PgStatement.executeCachedSql(PgStatement.java:326)
	at org.postgresql.jdbc.PgStatement.executeWithFlags(PgStatement.java:302)
	at org.postgresql.jdbc.PgStatement.execute(PgStatement.java:297)
	at org.jkiss.dbeaver.model.impl.jdbc.exec.JDBCStatementImpl.execute(JDBCStatementImpl.java:335)
	at org.jkiss.dbeaver.model.impl.jdbc.exec.JDBCStatementImpl.executeStatement(JDBCStatementImpl.java:128)
	... 12 more
2024-11-23 21:52:07.039 - SQL Error [42703]: ERROR: column "nomw" does not exist
  Hint: Perhaps you meant to reference the column "cliente.nome".
  Position: 33

Error position: line: 83 pos: 32
org.jkiss.dbeaver.model.sql.DBSQLException: SQL Error [42703]: ERROR: column "nomw" does not exist
  Hint: Perhaps you meant to reference the column "cliente.nome".
  Position: 33
	at org.jkiss.dbeaver.model.impl.jdbc.exec.JDBCStatementImpl.executeStatement(JDBCStatementImpl.java:130)
	at org.jkiss.dbeaver.ui.editors.sql.execute.SQLQueryJob.executeStatement(SQLQueryJob.java:631)
	at org.jkiss.dbeaver.ui.editors.sql.execute.SQLQueryJob.lambda$2(SQLQueryJob.java:522)
	at org.jkiss.dbeaver.model.exec.DBExecUtils.tryExecuteRecover(DBExecUtils.java:192)
	at org.jkiss.dbeaver.ui.editors.sql.execute.SQLQueryJob.executeSingleQuery(SQLQueryJob.java:541)
	at org.jkiss.dbeaver.ui.editors.sql.execute.SQLQueryJob.extractData(SQLQueryJob.java:1001)
	at org.jkiss.dbeaver.ui.editors.sql.SQLEditor$QueryResultsContainer.readData(SQLEditor.java:4237)
	at org.jkiss.dbeaver.ui.controls.resultset.ResultSetJobDataRead.lambda$0(ResultSetJobDataRead.java:128)
	at org.jkiss.dbeaver.model.exec.DBExecUtils.tryExecuteRecover(DBExecUtils.java:192)
	at org.jkiss.dbeaver.ui.controls.resultset.ResultSetJobDataRead.run(ResultSetJobDataRead.java:126)
	at org.jkiss.dbeaver.ui.controls.resultset.ResultSetViewer$ResultSetDataPumpJob.run(ResultSetViewer.java:5166)
	at org.jkiss.dbeaver.model.runtime.AbstractJob.run(AbstractJob.java:117)
	at org.eclipse.core.internal.jobs.Worker.run(Worker.java:63)
Caused by: org.postgresql.util.PSQLException: ERROR: column "nomw" does not exist
  Hint: Perhaps you meant to reference the column "cliente.nome".
  Position: 33
	at org.postgresql.core.v3.QueryExecutorImpl.receiveErrorResponse(QueryExecutorImpl.java:2725)
	at org.postgresql.core.v3.QueryExecutorImpl.processResults(QueryExecutorImpl.java:2412)
	at org.postgresql.core.v3.QueryExecutorImpl.execute(QueryExecutorImpl.java:371)
	at org.postgresql.jdbc.PgStatement.executeInternal(PgStatement.java:502)
	at org.postgresql.jdbc.PgStatement.execute(PgStatement.java:419)
	at org.postgresql.jdbc.PgStatement.executeWithFlags(PgStatement.java:341)
	at org.postgresql.jdbc.PgStatement.executeCachedSql(PgStatement.java:326)
	at org.postgresql.jdbc.PgStatement.executeWithFlags(PgStatement.java:302)
	at org.postgresql.jdbc.PgStatement.execute(PgStatement.java:297)
	at org.jkiss.dbeaver.model.impl.jdbc.exec.JDBCStatementImpl.execute(JDBCStatementImpl.java:335)
	at org.jkiss.dbeaver.model.impl.jdbc.exec.JDBCStatementImpl.executeStatement(JDBCStatementImpl.java:128)
	... 12 more
2024-11-23 21:56:45.497 - SQL Error [42601]: ERROR: syntax error at or near "DESC"
  Position: 55

Error position: line: 98 pos: 54
org.jkiss.dbeaver.model.sql.DBSQLException: SQL Error [42601]: ERROR: syntax error at or near "DESC"
  Position: 55
	at org.jkiss.dbeaver.model.impl.jdbc.exec.JDBCStatementImpl.executeStatement(JDBCStatementImpl.java:130)
	at org.jkiss.dbeaver.ui.editors.sql.execute.SQLQueryJob.executeStatement(SQLQueryJob.java:631)
	at org.jkiss.dbeaver.ui.editors.sql.execute.SQLQueryJob.lambda$2(SQLQueryJob.java:522)
	at org.jkiss.dbeaver.model.exec.DBExecUtils.tryExecuteRecover(DBExecUtils.java:192)
	at org.jkiss.dbeaver.ui.editors.sql.execute.SQLQueryJob.executeSingleQuery(SQLQueryJob.java:541)
	at org.jkiss.dbeaver.ui.editors.sql.execute.SQLQueryJob.extractData(SQLQueryJob.java:1001)
	at org.jkiss.dbeaver.ui.editors.sql.SQLEditor$QueryResultsContainer.readData(SQLEditor.java:4237)
	at org.jkiss.dbeaver.ui.controls.resultset.ResultSetJobDataRead.lambda$0(ResultSetJobDataRead.java:128)
	at org.jkiss.dbeaver.model.exec.DBExecUtils.tryExecuteRecover(DBExecUtils.java:192)
	at org.jkiss.dbeaver.ui.controls.resultset.ResultSetJobDataRead.run(ResultSetJobDataRead.java:126)
	at org.jkiss.dbeaver.ui.controls.resultset.ResultSetViewer$ResultSetDataPumpJob.run(ResultSetViewer.java:5166)
	at org.jkiss.dbeaver.model.runtime.AbstractJob.run(AbstractJob.java:117)
	at org.eclipse.core.internal.jobs.Worker.run(Worker.java:63)
Caused by: org.postgresql.util.PSQLException: ERROR: syntax error at or near "DESC"
  Position: 55
	at org.postgresql.core.v3.QueryExecutorImpl.receiveErrorResponse(QueryExecutorImpl.java:2725)
	at org.postgresql.core.v3.QueryExecutorImpl.processResults(QueryExecutorImpl.java:2412)
	at org.postgresql.core.v3.QueryExecutorImpl.execute(QueryExecutorImpl.java:371)
	at org.postgresql.jdbc.PgStatement.executeInternal(PgStatement.java:502)
	at org.postgresql.jdbc.PgStatement.execute(PgStatement.java:419)
	at org.postgresql.jdbc.PgStatement.executeWithFlags(PgStatement.java:341)
	at org.postgresql.jdbc.PgStatement.executeCachedSql(PgStatement.java:326)
	at org.postgresql.jdbc.PgStatement.executeWithFlags(PgStatement.java:302)
	at org.postgresql.jdbc.PgStatement.execute(PgStatement.java:297)
	at org.jkiss.dbeaver.model.impl.jdbc.exec.JDBCStatementImpl.execute(JDBCStatementImpl.java:335)
	at org.jkiss.dbeaver.model.impl.jdbc.exec.JDBCStatementImpl.executeStatement(JDBCStatementImpl.java:128)
	... 12 more
2024-11-23 22:02:41.767 - SQL Error [42601]: ERROR: syntax error at or near "NOT"
  Position: 37

Error position: line: 137 pos: 36
org.jkiss.dbeaver.model.sql.DBSQLException: SQL Error [42601]: ERROR: syntax error at or near "NOT"
  Position: 37
	at org.jkiss.dbeaver.model.impl.jdbc.exec.JDBCStatementImpl.executeStatement(JDBCStatementImpl.java:130)
	at org.jkiss.dbeaver.ui.editors.sql.execute.SQLQueryJob.executeStatement(SQLQueryJob.java:631)
	at org.jkiss.dbeaver.ui.editors.sql.execute.SQLQueryJob.lambda$2(SQLQueryJob.java:522)
	at org.jkiss.dbeaver.model.exec.DBExecUtils.tryExecuteRecover(DBExecUtils.java:192)
	at org.jkiss.dbeaver.ui.editors.sql.execute.SQLQueryJob.executeSingleQuery(SQLQueryJob.java:541)
	at org.jkiss.dbeaver.ui.editors.sql.execute.SQLQueryJob.extractData(SQLQueryJob.java:1001)
	at org.jkiss.dbeaver.ui.editors.sql.SQLEditor$QueryResultsContainer.readData(SQLEditor.java:4237)
	at org.jkiss.dbeaver.ui.controls.resultset.ResultSetJobDataRead.lambda$0(ResultSetJobDataRead.java:128)
	at org.jkiss.dbeaver.model.exec.DBExecUtils.tryExecuteRecover(DBExecUtils.java:192)
	at org.jkiss.dbeaver.ui.controls.resultset.ResultSetJobDataRead.run(ResultSetJobDataRead.java:126)
	at org.jkiss.dbeaver.ui.controls.resultset.ResultSetViewer$ResultSetDataPumpJob.run(ResultSetViewer.java:5166)
	at org.jkiss.dbeaver.model.runtime.AbstractJob.run(AbstractJob.java:117)
	at org.eclipse.core.internal.jobs.Worker.run(Worker.java:63)
Caused by: org.postgresql.util.PSQLException: ERROR: syntax error at or near "NOT"
  Position: 37
	at org.postgresql.core.v3.QueryExecutorImpl.receiveErrorResponse(QueryExecutorImpl.java:2725)
	at org.postgresql.core.v3.QueryExecutorImpl.processResults(QueryExecutorImpl.java:2412)
	at org.postgresql.core.v3.QueryExecutorImpl.execute(QueryExecutorImpl.java:371)
	at org.postgresql.jdbc.PgStatement.executeInternal(PgStatement.java:502)
	at org.postgresql.jdbc.PgStatement.execute(PgStatement.java:419)
	at org.postgresql.jdbc.PgStatement.executeWithFlags(PgStatement.java:341)
	at org.postgresql.jdbc.PgStatement.executeCachedSql(PgStatement.java:326)
	at org.postgresql.jdbc.PgStatement.executeWithFlags(PgStatement.java:302)
	at org.postgresql.jdbc.PgStatement.execute(PgStatement.java:297)
	at org.jkiss.dbeaver.model.impl.jdbc.exec.JDBCStatementImpl.execute(JDBCStatementImpl.java:335)
	at org.jkiss.dbeaver.model.impl.jdbc.exec.JDBCStatementImpl.executeStatement(JDBCStatementImpl.java:128)
	... 12 more
2024-11-23 22:03:22.513 - SQL Error [42703]: ERROR: column "cidade" does not exist
  Position: 30
org.jkiss.dbeaver.model.sql.DBSQLException: SQL Error [42703]: ERROR: column "cidade" does not exist
  Position: 30
	at org.jkiss.dbeaver.model.impl.jdbc.exec.JDBCStatementImpl.executeStatement(JDBCStatementImpl.java:130)
	at org.jkiss.dbeaver.ui.editors.sql.execute.SQLQueryJob.executeStatement(SQLQueryJob.java:631)
	at org.jkiss.dbeaver.ui.editors.sql.execute.SQLQueryJob.lambda$2(SQLQueryJob.java:522)
	at org.jkiss.dbeaver.model.exec.DBExecUtils.tryExecuteRecover(DBExecUtils.java:192)
	at org.jkiss.dbeaver.ui.editors.sql.execute.SQLQueryJob.executeSingleQuery(SQLQueryJob.java:541)
	at org.jkiss.dbeaver.ui.editors.sql.execute.SQLQueryJob.extractData(SQLQueryJob.java:1001)
	at org.jkiss.dbeaver.ui.editors.sql.SQLEditor$QueryResultsContainer.readData(SQLEditor.java:4237)
	at org.jkiss.dbeaver.ui.controls.resultset.ResultSetJobDataRead.lambda$0(ResultSetJobDataRead.java:128)
	at org.jkiss.dbeaver.model.exec.DBExecUtils.tryExecuteRecover(DBExecUtils.java:192)
	at org.jkiss.dbeaver.ui.controls.resultset.ResultSetJobDataRead.run(ResultSetJobDataRead.java:126)
	at org.jkiss.dbeaver.ui.controls.resultset.ResultSetViewer$ResultSetDataPumpJob.run(ResultSetViewer.java:5166)
	at org.jkiss.dbeaver.model.runtime.AbstractJob.run(AbstractJob.java:117)
	at org.eclipse.core.internal.jobs.Worker.run(Worker.java:63)
Caused by: org.postgresql.util.PSQLException: ERROR: column "cidade" does not exist
  Position: 30
	at org.postgresql.core.v3.QueryExecutorImpl.receiveErrorResponse(QueryExecutorImpl.java:2725)
	at org.postgresql.core.v3.QueryExecutorImpl.processResults(QueryExecutorImpl.java:2412)
	at org.postgresql.core.v3.QueryExecutorImpl.execute(QueryExecutorImpl.java:371)
	at org.postgresql.jdbc.PgStatement.executeInternal(PgStatement.java:502)
	at org.postgresql.jdbc.PgStatement.execute(PgStatement.java:419)
	at org.postgresql.jdbc.PgStatement.executeWithFlags(PgStatement.java:341)
	at org.postgresql.jdbc.PgStatement.executeCachedSql(PgStatement.java:326)
	at org.postgresql.jdbc.PgStatement.executeWithFlags(PgStatement.java:302)
	at org.postgresql.jdbc.PgStatement.execute(PgStatement.java:297)
	at org.jkiss.dbeaver.model.impl.jdbc.exec.JDBCStatementImpl.execute(JDBCStatementImpl.java:335)
	at org.jkiss.dbeaver.model.impl.jdbc.exec.JDBCStatementImpl.executeStatement(JDBCStatementImpl.java:128)
	... 12 more
2024-11-23 22:05:54.794 - Event loop exception
java.lang.RuntimeException: Could not create bundle file.
	at org.eclipse.osgi.storage.Storage.createBundleFile(Storage.java:1234)
	at org.eclipse.osgi.storage.BundleInfo$Generation.getBundleFile(BundleInfo.java:112)
	at org.eclipse.osgi.storage.BundleInfo$Generation.getEntry(BundleInfo.java:435)
	at org.eclipse.osgi.internal.framework.EquinoxBundle.getEntry(EquinoxBundle.java:727)
	at org.eclipse.core.internal.runtime.FindSupport.findInPlugin(FindSupport.java:239)
	at org.eclipse.core.internal.runtime.FindSupport.find(FindSupport.java:106)
	at org.eclipse.core.internal.runtime.FindSupport.find(FindSupport.java:67)
	at org.eclipse.core.runtime.FileLocator.find(FileLocator.java:94)
	at org.jkiss.dbeaver.ui.editors.sql.templates.SQLTemplateStore.readIncludedTemplates(SQLTemplateStore.java:148)
	at org.jkiss.dbeaver.ui.editors.sql.templates.SQLTemplateStore.readContributedTemplates(SQLTemplateStore.java:131)
	at org.jkiss.dbeaver.ui.editors.sql.templates.SQLTemplateStore.lambda$4(SQLTemplateStore.java:114)
	at org.jkiss.utils.ReaderWriterLock.lambda$0(ReaderWriterLock.java:94)
	at org.jkiss.utils.ReaderWriterLock.compute(ReaderWriterLock.java:62)
	at org.jkiss.utils.ReaderWriterLock.exec(ReaderWriterLock.java:93)
	at org.jkiss.utils.ReaderWriterLock.execWriting(ReaderWriterLock.java:110)
	at org.jkiss.dbeaver.ui.editors.sql.templates.SQLTemplateStore.loadContributedTemplates(SQLTemplateStore.java:113)
	at org.eclipse.jface.text.templates.persistence.TemplateStore.load(TemplateStore.java:98)
	at org.jkiss.dbeaver.ui.editors.sql.templates.SQLTemplateStore.lambda$5(SQLTemplateStore.java:269)
	at org.jkiss.utils.ReaderWriterLock.lambda$0(ReaderWriterLock.java:94)
	at org.jkiss.utils.ReaderWriterLock.compute(ReaderWriterLock.java:62)
	at org.jkiss.utils.ReaderWriterLock.exec(ReaderWriterLock.java:93)
	at org.jkiss.utils.ReaderWriterLock.execWriting(ReaderWriterLock.java:110)
	at org.jkiss.dbeaver.ui.editors.sql.templates.SQLTemplateStore.load(SQLTemplateStore.java:269)
	at org.jkiss.dbeaver.ui.editors.sql.templates.SQLTemplatesRegistry.getTemplateStore(SQLTemplatesRegistry.java:66)
	at org.jkiss.dbeaver.ui.editors.sql.templates.SQLTemplatesPage.getTemplateStore(SQLTemplatesPage.java:154)
	at org.jkiss.dbeaver.ui.editors.sql.util.SQLSymbolInserter.verifyKey(SQLSymbolInserter.java:268)
	at org.eclipse.jface.text.TextViewer$VerifyKeyListenersManager.verifyKey(TextViewer.java:482)
	at org.eclipse.swt.custom.StyledTextListener.handleEvent(StyledTextListener.java:68)
	at org.eclipse.swt.widgets.EventTable.sendEvent(EventTable.java:91)
	at org.eclipse.swt.widgets.Display.sendEvent(Display.java:5855)
	at org.eclipse.swt.widgets.Widget.sendEvent(Widget.java:1617)
	at org.eclipse.swt.widgets.Widget.sendEvent(Widget.java:1643)
	at org.eclipse.swt.widgets.Widget.sendEvent(Widget.java:1626)
	at org.eclipse.swt.widgets.Widget.notifyListeners(Widget.java:1373)
	at org.eclipse.swt.custom.StyledText.handleKeyDown(StyledText.java:5740)
	at org.eclipse.swt.custom.StyledText.lambda$28(StyledText.java:5424)
	at org.eclipse.swt.widgets.EventTable.sendEvent(EventTable.java:91)
	at org.eclipse.swt.widgets.Display.sendEvent(Display.java:5855)
	at org.eclipse.swt.widgets.Widget.sendEvent(Widget.java:1617)
	at org.eclipse.swt.widgets.Widget.sendEvent(Widget.java:1643)
	at org.eclipse.swt.widgets.Widget.sendEvent(Widget.java:1626)
	at org.eclipse.swt.widgets.Widget.sendKeyEvent(Widget.java:1665)
	at org.eclipse.swt.widgets.Widget.gtk_key_press_event(Widget.java:994)
	at org.eclipse.swt.widgets.Control.gtk_key_press_event(Control.java:3999)
	at org.eclipse.swt.widgets.Composite.gtk_key_press_event(Composite.java:931)
	at org.eclipse.swt.widgets.Widget.windowProc(Widget.java:2595)
	at org.eclipse.swt.widgets.Control.windowProc(Control.java:6842)
	at org.eclipse.swt.widgets.Display.windowProc(Display.java:6162)
	at org.eclipse.swt.internal.gtk3.GTK3.gtk_main_do_event(Native Method)
	at org.eclipse.swt.widgets.Display.eventProc(Display.java:1598)
	at org.eclipse.swt.internal.gtk3.GTK3.gtk_main_iteration_do(Native Method)
	at org.eclipse.swt.widgets.Display.readAndDispatch(Display.java:4514)
	at org.eclipse.e4.ui.internal.workbench.swt.PartRenderingEngine$5.run(PartRenderingEngine.java:1151)
	at org.eclipse.core.databinding.observable.Realm.runWithDefault(Realm.java:339)
	at org.eclipse.e4.ui.internal.workbench.swt.PartRenderingEngine.run(PartRenderingEngine.java:1042)
	at org.eclipse.e4.ui.internal.workbench.E4Workbench.createAndRunUI(E4Workbench.java:153)
	at org.eclipse.ui.internal.Workbench.lambda$3(Workbench.java:639)
	at org.eclipse.core.databinding.observable.Realm.runWithDefault(Realm.java:339)
	at org.eclipse.ui.internal.Workbench.createAndRunWorkbench(Workbench.java:546)
	at org.eclipse.ui.PlatformUI.createAndRunWorkbench(PlatformUI.java:173)
	at org.jkiss.dbeaver.ui.app.standalone.DBeaverApplication.start(DBeaverApplication.java:293)
	at org.eclipse.equinox.internal.app.EclipseAppHandle.run(EclipseAppHandle.java:208)
	at org.eclipse.core.runtime.internal.adaptor.EclipseAppLauncher.runApplication(EclipseAppLauncher.java:143)
	at org.eclipse.core.runtime.internal.adaptor.EclipseAppLauncher.start(EclipseAppLauncher.java:109)
	at org.eclipse.core.runtime.adaptor.EclipseStarter.run(EclipseStarter.java:439)
	at org.eclipse.core.runtime.adaptor.EclipseStarter.run(EclipseStarter.java:271)
	at java.base/jdk.internal.reflect.NativeMethodAccessorImpl.invoke0(Native Method)
	at java.base/jdk.internal.reflect.NativeMethodAccessorImpl.invoke(Unknown Source)
	at java.base/jdk.internal.reflect.DelegatingMethodAccessorImpl.invoke(Unknown Source)
	at java.base/java.lang.reflect.Method.invoke(Unknown Source)
	at org.jkiss.dbeaver.launcher.DBeaverLauncher.invokeFramework(DBeaverLauncher.java:650)
	at org.jkiss.dbeaver.launcher.DBeaverLauncher.basicRun(DBeaverLauncher.java:610)
	at org.jkiss.dbeaver.launcher.DBeaverLauncher.run(DBeaverLauncher.java:1461)
	at org.jkiss.dbeaver.launcher.DBeaverLauncher.main(DBeaverLauncher.java:1434)
Caused by: java.io.IOException: The file "/usr/share/dbeaver-ce/plugins/org.jkiss.dbeaver.ext.datavirtuality_1.0.92.202411031831.jar" does not exist
	at org.eclipse.osgi.storage.bundlefile.ZipBundleFile.<init>(ZipBundleFile.java:46)
	at org.eclipse.osgi.storage.Storage.createBundleFile(Storage.java:1230)
	... 73 more
2024-11-23 22:09:07.642 - SQL Error [42883]: ERROR: operator does not exist: || character varying
  Hint: No operator matches the given name and argument type. You might need to add an explicit type cast.
  Position: 69

Error position: line: 150 pos: 68
org.jkiss.dbeaver.model.sql.DBSQLException: SQL Error [42883]: ERROR: operator does not exist: || character varying
  Hint: No operator matches the given name and argument type. You might need to add an explicit type cast.
  Position: 69
	at org.jkiss.dbeaver.model.impl.jdbc.exec.JDBCStatementImpl.executeStatement(JDBCStatementImpl.java:130)
	at org.jkiss.dbeaver.ui.editors.sql.execute.SQLQueryJob.executeStatement(SQLQueryJob.java:631)
	at org.jkiss.dbeaver.ui.editors.sql.execute.SQLQueryJob.lambda$2(SQLQueryJob.java:522)
	at org.jkiss.dbeaver.model.exec.DBExecUtils.tryExecuteRecover(DBExecUtils.java:192)
	at org.jkiss.dbeaver.ui.editors.sql.execute.SQLQueryJob.executeSingleQuery(SQLQueryJob.java:541)
	at org.jkiss.dbeaver.ui.editors.sql.execute.SQLQueryJob.extractData(SQLQueryJob.java:1001)
	at org.jkiss.dbeaver.ui.editors.sql.SQLEditor$QueryResultsContainer.readData(SQLEditor.java:4237)
	at org.jkiss.dbeaver.ui.controls.resultset.ResultSetJobDataRead.lambda$0(ResultSetJobDataRead.java:128)
	at org.jkiss.dbeaver.model.exec.DBExecUtils.tryExecuteRecover(DBExecUtils.java:192)
	at org.jkiss.dbeaver.ui.controls.resultset.ResultSetJobDataRead.run(ResultSetJobDataRead.java:126)
	at org.jkiss.dbeaver.ui.controls.resultset.ResultSetViewer$ResultSetDataPumpJob.run(ResultSetViewer.java:5166)
	at org.jkiss.dbeaver.model.runtime.AbstractJob.run(AbstractJob.java:117)
	at org.eclipse.core.internal.jobs.Worker.run(Worker.java:63)
Caused by: org.postgresql.util.PSQLException: ERROR: operator does not exist: || character varying
  Hint: No operator matches the given name and argument type. You might need to add an explicit type cast.
  Position: 69
	at org.postgresql.core.v3.QueryExecutorImpl.receiveErrorResponse(QueryExecutorImpl.java:2725)
	at org.postgresql.core.v3.QueryExecutorImpl.processResults(QueryExecutorImpl.java:2412)
	at org.postgresql.core.v3.QueryExecutorImpl.execute(QueryExecutorImpl.java:371)
	at org.postgresql.jdbc.PgStatement.executeInternal(PgStatement.java:502)
	at org.postgresql.jdbc.PgStatement.execute(PgStatement.java:419)
	at org.postgresql.jdbc.PgStatement.executeWithFlags(PgStatement.java:341)
	at org.postgresql.jdbc.PgStatement.executeCachedSql(PgStatement.java:326)
	at org.postgresql.jdbc.PgStatement.executeWithFlags(PgStatement.java:302)
	at org.postgresql.jdbc.PgStatement.execute(PgStatement.java:297)
	at org.jkiss.dbeaver.model.impl.jdbc.exec.JDBCStatementImpl.execute(JDBCStatementImpl.java:335)
	at org.jkiss.dbeaver.model.impl.jdbc.exec.JDBCStatementImpl.executeStatement(JDBCStatementImpl.java:128)
	... 12 more
2024-11-23 22:09:59.113 - SQL Error [42704]: ERROR: type "nome" does not exist
  Position: 21
org.jkiss.dbeaver.model.sql.DBSQLException: SQL Error [42704]: ERROR: type "nome" does not exist
  Position: 21
	at org.jkiss.dbeaver.model.impl.jdbc.exec.JDBCStatementImpl.executeStatement(JDBCStatementImpl.java:130)
	at org.jkiss.dbeaver.ui.editors.sql.execute.SQLQueryJob.executeStatement(SQLQueryJob.java:631)
	at org.jkiss.dbeaver.ui.editors.sql.execute.SQLQueryJob.lambda$2(SQLQueryJob.java:522)
	at org.jkiss.dbeaver.model.exec.DBExecUtils.tryExecuteRecover(DBExecUtils.java:192)
	at org.jkiss.dbeaver.ui.editors.sql.execute.SQLQueryJob.executeSingleQuery(SQLQueryJob.java:541)
	at org.jkiss.dbeaver.ui.editors.sql.execute.SQLQueryJob.extractData(SQLQueryJob.java:1001)
	at org.jkiss.dbeaver.ui.editors.sql.SQLEditor$QueryResultsContainer.readData(SQLEditor.java:4237)
	at org.jkiss.dbeaver.ui.controls.resultset.ResultSetJobDataRead.lambda$0(ResultSetJobDataRead.java:128)
	at org.jkiss.dbeaver.model.exec.DBExecUtils.tryExecuteRecover(DBExecUtils.java:192)
	at org.jkiss.dbeaver.ui.controls.resultset.ResultSetJobDataRead.run(ResultSetJobDataRead.java:126)
	at org.jkiss.dbeaver.ui.controls.resultset.ResultSetViewer$ResultSetDataPumpJob.run(ResultSetViewer.java:5166)
	at org.jkiss.dbeaver.model.runtime.AbstractJob.run(AbstractJob.java:117)
	at org.eclipse.core.internal.jobs.Worker.run(Worker.java:63)
Caused by: org.postgresql.util.PSQLException: ERROR: type "nome" does not exist
  Position: 21
	at org.postgresql.core.v3.QueryExecutorImpl.receiveErrorResponse(QueryExecutorImpl.java:2725)
	at org.postgresql.core.v3.QueryExecutorImpl.processResults(QueryExecutorImpl.java:2412)
	at org.postgresql.core.v3.QueryExecutorImpl.execute(QueryExecutorImpl.java:371)
	at org.postgresql.jdbc.PgStatement.executeInternal(PgStatement.java:502)
	at org.postgresql.jdbc.PgStatement.execute(PgStatement.java:419)
	at org.postgresql.jdbc.PgStatement.executeWithFlags(PgStatement.java:341)
	at org.postgresql.jdbc.PgStatement.executeCachedSql(PgStatement.java:326)
	at org.postgresql.jdbc.PgStatement.executeWithFlags(PgStatement.java:302)
	at org.postgresql.jdbc.PgStatement.execute(PgStatement.java:297)
	at org.jkiss.dbeaver.model.impl.jdbc.exec.JDBCStatementImpl.execute(JDBCStatementImpl.java:335)
	at org.jkiss.dbeaver.model.impl.jdbc.exec.JDBCStatementImpl.executeStatement(JDBCStatementImpl.java:128)
	... 12 more
2024-11-23 22:10:36.123 - SQL Error [42601]: ERROR: syntax error at or near "'Todos os dados'"
  Position: 170
org.jkiss.dbeaver.model.sql.DBSQLException: SQL Error [42601]: ERROR: syntax error at or near "'Todos os dados'"
  Position: 170
	at org.jkiss.dbeaver.model.impl.jdbc.exec.JDBCStatementImpl.executeStatement(JDBCStatementImpl.java:130)
	at org.jkiss.dbeaver.ui.editors.sql.execute.SQLQueryJob.executeStatement(SQLQueryJob.java:631)
	at org.jkiss.dbeaver.ui.editors.sql.execute.SQLQueryJob.lambda$2(SQLQueryJob.java:522)
	at org.jkiss.dbeaver.model.exec.DBExecUtils.tryExecuteRecover(DBExecUtils.java:192)
	at org.jkiss.dbeaver.ui.editors.sql.execute.SQLQueryJob.executeSingleQuery(SQLQueryJob.java:541)
	at org.jkiss.dbeaver.ui.editors.sql.execute.SQLQueryJob.extractData(SQLQueryJob.java:1001)
	at org.jkiss.dbeaver.ui.editors.sql.SQLEditor$QueryResultsContainer.readData(SQLEditor.java:4237)
	at org.jkiss.dbeaver.ui.controls.resultset.ResultSetJobDataRead.lambda$0(ResultSetJobDataRead.java:128)
	at org.jkiss.dbeaver.model.exec.DBExecUtils.tryExecuteRecover(DBExecUtils.java:192)
	at org.jkiss.dbeaver.ui.controls.resultset.ResultSetJobDataRead.run(ResultSetJobDataRead.java:126)
	at org.jkiss.dbeaver.ui.controls.resultset.ResultSetViewer$ResultSetDataPumpJob.run(ResultSetViewer.java:5166)
	at org.jkiss.dbeaver.model.runtime.AbstractJob.run(AbstractJob.java:117)
	at org.eclipse.core.internal.jobs.Worker.run(Worker.java:63)
Caused by: org.postgresql.util.PSQLException: ERROR: syntax error at or near "'Todos os dados'"
  Position: 170
	at org.postgresql.core.v3.QueryExecutorImpl.receiveErrorResponse(QueryExecutorImpl.java:2725)
	at org.postgresql.core.v3.QueryExecutorImpl.processResults(QueryExecutorImpl.java:2412)
	at org.postgresql.core.v3.QueryExecutorImpl.execute(QueryExecutorImpl.java:371)
	at org.postgresql.jdbc.PgStatement.executeInternal(PgStatement.java:502)
	at org.postgresql.jdbc.PgStatement.execute(PgStatement.java:419)
	at org.postgresql.jdbc.PgStatement.executeWithFlags(PgStatement.java:341)
	at org.postgresql.jdbc.PgStatement.executeCachedSql(PgStatement.java:326)
	at org.postgresql.jdbc.PgStatement.executeWithFlags(PgStatement.java:302)
	at org.postgresql.jdbc.PgStatement.execute(PgStatement.java:297)
	at org.jkiss.dbeaver.model.impl.jdbc.exec.JDBCStatementImpl.execute(JDBCStatementImpl.java:335)
	at org.jkiss.dbeaver.model.impl.jdbc.exec.JDBCStatementImpl.executeStatement(JDBCStatementImpl.java:128)
	... 12 more
2024-11-23 22:11:17.889 - SQL Error [42601]: ERROR: syntax error at or near "'Todos os dados'"
  Position: 188
org.jkiss.dbeaver.model.sql.DBSQLException: SQL Error [42601]: ERROR: syntax error at or near "'Todos os dados'"
  Position: 188
	at org.jkiss.dbeaver.model.impl.jdbc.exec.JDBCStatementImpl.executeStatement(JDBCStatementImpl.java:130)
	at org.jkiss.dbeaver.ui.editors.sql.execute.SQLQueryJob.executeStatement(SQLQueryJob.java:631)
	at org.jkiss.dbeaver.ui.editors.sql.execute.SQLQueryJob.lambda$2(SQLQueryJob.java:522)
	at org.jkiss.dbeaver.model.exec.DBExecUtils.tryExecuteRecover(DBExecUtils.java:192)
	at org.jkiss.dbeaver.ui.editors.sql.execute.SQLQueryJob.executeSingleQuery(SQLQueryJob.java:541)
	at org.jkiss.dbeaver.ui.editors.sql.execute.SQLQueryJob.extractData(SQLQueryJob.java:1001)
	at org.jkiss.dbeaver.ui.editors.sql.SQLEditor$QueryResultsContainer.readData(SQLEditor.java:4237)
	at org.jkiss.dbeaver.ui.controls.resultset.ResultSetJobDataRead.lambda$0(ResultSetJobDataRead.java:128)
	at org.jkiss.dbeaver.model.exec.DBExecUtils.tryExecuteRecover(DBExecUtils.java:192)
	at org.jkiss.dbeaver.ui.controls.resultset.ResultSetJobDataRead.run(ResultSetJobDataRead.java:126)
	at org.jkiss.dbeaver.ui.controls.resultset.ResultSetViewer$ResultSetDataPumpJob.run(ResultSetViewer.java:5166)
	at org.jkiss.dbeaver.model.runtime.AbstractJob.run(AbstractJob.java:117)
	at org.eclipse.core.internal.jobs.Worker.run(Worker.java:63)
Caused by: org.postgresql.util.PSQLException: ERROR: syntax error at or near "'Todos os dados'"
  Position: 188
	at org.postgresql.core.v3.QueryExecutorImpl.receiveErrorResponse(QueryExecutorImpl.java:2725)
	at org.postgresql.core.v3.QueryExecutorImpl.processResults(QueryExecutorImpl.java:2412)
	at org.postgresql.core.v3.QueryExecutorImpl.execute(QueryExecutorImpl.java:371)
	at org.postgresql.jdbc.PgStatement.executeInternal(PgStatement.java:502)
	at org.postgresql.jdbc.PgStatement.execute(PgStatement.java:419)
	at org.postgresql.jdbc.PgStatement.executeWithFlags(PgStatement.java:341)
	at org.postgresql.jdbc.PgStatement.executeCachedSql(PgStatement.java:326)
	at org.postgresql.jdbc.PgStatement.executeWithFlags(PgStatement.java:302)
	at org.postgresql.jdbc.PgStatement.execute(PgStatement.java:297)
	at org.jkiss.dbeaver.model.impl.jdbc.exec.JDBCStatementImpl.execute(JDBCStatementImpl.java:335)
	at org.jkiss.dbeaver.model.impl.jdbc.exec.JDBCStatementImpl.executeStatement(JDBCStatementImpl.java:128)
	... 12 more
2024-11-24 21:18:32.190 - Execution context closed (postgres, 0)
2024-11-24 21:18:32.213 - Execution context closed (postgres, 1)
2024-11-24 21:18:32.232 - Execution context closed (postgres, 3)
2024-11-24 21:18:32.233 - Disconnected (postgres-jdbc-192696dc61e-27e03f1e851589e1)
